GROUP,PACKAGE,CLASS,INSTRUCTION_MISSED,INSTRUCTION_COVERED,BRANCH_MISSED,BRANCH_COVERED,LINE_MISSED,LINE_COVERED,COMPLEXITY_MISSED,COMPLEXITY_COVERED,METHOD_MISSED,METHOD_COVERED
BetAndRuinCI,net.bytebuddy.utility,JavaConstant.MethodType.Dispatcher.CreationAction,34,0,0,0,6,0,2,0,2,0
BetAndRuinCI,net.bytebuddy.utility,JavaConstant.MethodType,237,0,14,0,42,0,29,0,22,0
BetAndRuinCI,net.bytebuddy.utility,JavaConstant.MethodType.Dispatcher.ForLegacyVm,24,0,0,0,4,0,3,0,3,0
BetAndRuinCI,net.bytebuddy.utility,JavaType,510,0,14,0,53,0,16,0,9,0
BetAndRuinCI,net.bytebuddy.utility,JavaConstant.MethodHandle.Dispatcher.ForLegacyVm,29,0,0,0,5,0,4,0,4,0
BetAndRuinCI,net.bytebuddy.utility,JavaConstant.MethodHandle,403,0,24,0,80,0,36,0,24,0
BetAndRuinCI,net.bytebuddy.utility,JavaConstant.MethodHandle.Dispatcher.CreationAction,143,0,0,0,23,0,2,0,2,0
BetAndRuinCI,net.bytebuddy.utility,RandomString,171,0,16,0,29,0,15,0,7,0
BetAndRuinCI,net.bytebuddy.utility,JavaConstant.Dynamic,952,0,118,0,158,0,89,0,30,0
BetAndRuinCI,net.bytebuddy.utility,OpenedClassReader,88,0,2,0,19,0,4,0,3,0
BetAndRuinCI,net.bytebuddy.utility,JavaConstant.MethodType.Dispatcher.ForJava7CapableVm,110,0,10,0,15,0,11,0,6,0
BetAndRuinCI,net.bytebuddy.utility,JavaModule.Dispatcher.Disabled,58,0,0,0,12,0,11,0,11,0
BetAndRuinCI,net.bytebuddy.utility,JavaConstant.MethodHandle.Dispatcher.AbstractBase,350,0,22,0,51,0,23,0,12,0
BetAndRuinCI,net.bytebuddy.utility,JavaConstant.MethodHandle.Dispatcher.ForJava8CapableVm,84,0,10,0,9,0,10,0,5,0
BetAndRuinCI,net.bytebuddy.utility,JavaModule.Dispatcher.Enabled,670,0,28,0,68,0,28,0,14,0
BetAndRuinCI,net.bytebuddy.utility,JavaConstant.MethodHandle.HandleType,212,0,22,0,32,0,19,0,8,0
BetAndRuinCI,net.bytebuddy.utility,JavaModule,248,0,24,0,48,0,29,0,17,0
BetAndRuinCI,net.bytebuddy.utility,CompoundList,100,0,4,0,23,0,7,0,5,0
BetAndRuinCI,net.bytebuddy.utility,StreamDrainer,138,0,16,0,23,0,14,0,6,0
BetAndRuinCI,net.bytebuddy.utility,JavaConstant.MethodHandle.Dispatcher.ForJava7CapableVm,114,0,10,0,17,0,11,0,6,0
BetAndRuinCI,net.bytebuddy.utility,JavaModule.Dispatcher.CreationAction,126,0,0,0,15,0,2,0,2,0
BetAndRuinCI,javax.persistence.metamodel,PluralAttribute.CollectionType,44,0,0,0,5,0,1,0,1,0
BetAndRuinCI,javax.persistence.metamodel,Attribute.PersistentAttributeType,74,0,0,0,8,0,1,0,1,0
BetAndRuinCI,javax.persistence.metamodel,Bindable.BindableType,34,0,0,0,4,0,1,0,1,0
BetAndRuinCI,javax.persistence.metamodel,Type.PersistenceType,44,0,0,0,5,0,1,0,1,0
BetAndRuinCI,net.bytebuddy.implementation.auxiliary,TypeProxy.MethodCall.Appender.AccessorMethodInvocation,129,0,12,0,13,0,11,0,5,0
BetAndRuinCI,net.bytebuddy.implementation.auxiliary,TypeProxy.MethodCall,79,0,10,0,6,0,10,0,5,0
BetAndRuinCI,net.bytebuddy.implementation.auxiliary,MethodCallProxy.AssignableSignatureCall,106,0,10,0,12,0,10,0,5,0
BetAndRuinCI,net.bytebuddy.implementation.auxiliary,TypeProxy.InvocationFactory.Default.new TypeProxy.InvocationFactory.Default() {...},12,0,0,0,2,0,2,0,2,0
BetAndRuinCI,net.bytebuddy.implementation.auxiliary,TypeProxy.InvocationFactory.Default.new TypeProxy.InvocationFactory.Default() {...},11,0,0,0,2,0,2,0,2,0
BetAndRuinCI,net.bytebuddy.implementation.auxiliary,MethodCallProxy.ConstructorCall.Appender,128,0,10,0,18,0,9,0,4,0
BetAndRuinCI,net.bytebuddy.implementation.auxiliary,PrivilegedMemberLookupAction,314,0,12,0,51,0,11,0,5,0
BetAndRuinCI,net.bytebuddy.implementation.auxiliary,MethodCallProxy.MethodCall.Appender,149,0,12,0,14,0,10,0,4,0
BetAndRuinCI,net.bytebuddy.implementation.auxiliary,TypeProxy.MethodCall.Appender,106,0,12,0,7,0,10,0,4,0
BetAndRuinCI,net.bytebuddy.implementation.auxiliary,TypeProxy.InvocationFactory.Default,24,0,0,0,3,0,1,0,1,0
BetAndRuinCI,net.bytebuddy.implementation.auxiliary,MethodCallProxy.MethodCall,69,0,10,0,6,0,10,0,5,0
BetAndRuinCI,net.bytebuddy.implementation.auxiliary,TypeProxy.AbstractMethodErrorThrow,68,0,0,0,11,0,4,0,4,0
BetAndRuinCI,net.bytebuddy.implementation.auxiliary,TypeProxy,163,0,20,0,17,0,14,0,4,0
BetAndRuinCI,net.bytebuddy.implementation.auxiliary,TypeProxy.SilentConstruction.Appender,108,0,8,0,16,0,8,0,4,0
BetAndRuinCI,net.bytebuddy.implementation.auxiliary,MethodCallProxy.ConstructorCall,37,0,0,0,7,0,4,0,4,0
BetAndRuinCI,net.bytebuddy.implementation.auxiliary,TrivialType,62,0,2,0,16,0,4,0,3,0
BetAndRuinCI,net.bytebuddy.implementation.auxiliary,MethodCallProxy,225,0,20,0,32,0,17,0,7,0
BetAndRuinCI,net.bytebuddy.implementation.auxiliary,TypeProxy.SilentConstruction,23,0,0,0,4,0,3,0,3,0
BetAndRuinCI,net.bytebuddy.implementation.auxiliary,AuxiliaryType,8,0,0,0,1,0,1,0,1,0
BetAndRuinCI,net.bytebuddy.implementation.auxiliary,MethodCallProxy.PrecomputedMethodGraph,94,0,0,0,21,0,4,0,4,0
BetAndRuinCI,net.bytebuddy.implementation.auxiliary,TypeProxy.ForSuperMethodByConstructor,212,0,18,0,21,0,14,0,5,0
BetAndRuinCI,net.bytebuddy.implementation.auxiliary,AuxiliaryType.NamingStrategy.SuffixingRandom,65,0,8,0,5,0,8,0,4,0
BetAndRuinCI,net.bytebuddy.implementation.auxiliary,TypeProxy.ForDefaultMethod,141,0,12,0,13,0,11,0,5,0
BetAndRuinCI,net.bytebuddy.implementation.auxiliary,TypeProxy.ForSuperMethodByReflectionFactory,153,0,14,0,13,0,12,0,5,0
BetAndRuinCI,javax.jdo,JDOHelper,1703,163,194,0,441,39,148,4,51,4
BetAndRuinCI,javax.jdo,JDOUserException,34,0,0,0,14,0,7,0,7,0
BetAndRuinCI,javax.jdo,JDOUnsupportedOptionException,17,0,0,0,8,0,4,0,4,0
BetAndRuinCI,javax.jdo,JDOFatalDataStoreException,34,0,0,0,14,0,7,0,7,0
BetAndRuinCI,javax.jdo,JDOObjectNotFoundException,34,0,0,0,14,0,7,0,7,0
BetAndRuinCI,javax.jdo,JDOFatalException,34,0,0,0,14,0,7,0,7,0
BetAndRuinCI,javax.jdo,JDOHelper.new PrivilegedExceptionAction() {...},10,0,0,0,2,0,2,0,2,0
BetAndRuinCI,javax.jdo,JDOHelper.new PrivilegedExceptionAction() {...},15,0,0,0,2,0,2,0,2,0
BetAndRuinCI,javax.jdo,JDOHelper.new PrivilegedExceptionAction() {...},20,0,0,0,2,0,2,0,2,0
BetAndRuinCI,javax.jdo,JDOHelper.new PrivilegedExceptionAction() {...},20,0,0,0,2,0,2,0,2,0
BetAndRuinCI,javax.jdo,JDOHelper.new PrivilegedExceptionAction() {...},20,0,0,0,2,0,2,0,2,0
BetAndRuinCI,javax.jdo,JDOHelper.new PrivilegedAction() {...},6,0,0,0,2,0,2,0,2,0
BetAndRuinCI,javax.jdo,JDOHelper.new PrivilegedAction() {...},15,0,0,0,2,0,2,0,2,0
BetAndRuinCI,javax.jdo,JDOHelper.new JDOImplHelper.StateInterrogationBooleanReturn() {...},4,3,0,0,1,1,1,1,1,1
BetAndRuinCI,javax.jdo,JDOHelper.new ErrorHandler() {...},8,0,0,0,4,0,4,0,4,0
BetAndRuinCI,javax.jdo,JDOHelper.new JDOImplHelper.StateInterrogationBooleanReturn() {...},4,3,0,0,1,1,1,1,1,1
BetAndRuinCI,javax.jdo,JDOFatalUserException,34,0,0,0,14,0,7,0,7,0
BetAndRuinCI,javax.jdo,JDODataStoreException,34,0,0,0,14,0,7,0,7,0
BetAndRuinCI,javax.jdo,JDOCanRetryException,34,0,0,0,14,0,7,0,7,0
BetAndRuinCI,javax.jdo,JDOUserCallbackException,34,0,0,0,14,0,7,0,7,0
BetAndRuinCI,javax.jdo,ObjectState,147,0,0,0,17,0,3,0,3,0
BetAndRuinCI,javax.jdo,JDOException,376,0,42,0,91,0,38,0,17,0
BetAndRuinCI,javax.jdo,JDONullIdentityException,22,0,0,0,10,0,5,0,5,0
BetAndRuinCI,javax.jdo,JDOOptimisticVerificationException,29,0,0,0,12,0,6,0,6,0
BetAndRuinCI,javax.jdo,JDOFatalInternalException,34,0,0,0,14,0,7,0,7,0
BetAndRuinCI,javax.jdo,JDOHelper.new PrivilegedAction() {...},0,5,0,0,0,2,0,2,0,2
BetAndRuinCI,javax.jdo,JDOHelper.new JDOImplHelper.StateInterrogationObjectReturn() {...},4,3,0,0,1,1,1,1,1,1
BetAndRuinCI,javax.jdo,JDOHelper.new JDOImplHelper.StateInterrogationObjectReturn() {...},4,3,0,0,1,1,1,1,1,1
BetAndRuinCI,javax.jdo,JDOHelper.new JDOImplHelper.StateInterrogationBooleanReturn() {...},4,3,0,0,1,1,1,1,1,1
BetAndRuinCI,javax.jdo,JDOHelper.new JDOImplHelper.StateInterrogationBooleanReturn() {...},4,3,0,0,1,1,1,1,1,1
BetAndRuinCI,javax.jdo,JDOHelper.new JDOImplHelper.StateInterrogationObjectReturn() {...},4,3,0,0,1,1,1,1,1,1
BetAndRuinCI,javax.jdo,JDOHelper.new JDOImplHelper.StateInterrogationObjectReturn() {...},4,3,0,0,1,1,1,1,1,1
BetAndRuinCI,javax.jdo,JDOHelper.new JDOImplHelper.StateInterrogationBooleanReturn() {...},4,3,0,0,1,1,1,1,1,1
BetAndRuinCI,javax.jdo,JDOHelper.new JDOImplHelper.StateInterrogationBooleanReturn() {...},4,3,0,0,1,1,1,1,1,1
BetAndRuinCI,javax.jdo,JDOReadOnlyException,17,0,0,0,8,0,4,0,4,0
BetAndRuinCI,javax.jdo,JDODetachedFieldAccessException,22,0,0,0,10,0,5,0,5,0
BetAndRuinCI,net.bytebuddy.dynamic.scaffold,FieldLocator.Resolution.Simple,46,0,8,0,5,0,9,0,5,0
BetAndRuinCI,net.bytebuddy.dynamic.scaffold,TypeWriter.Default.ClassDumpAction.Dispatcher.Enabled,80,0,10,0,9,0,9,0,4,0
BetAndRuinCI,net.bytebuddy.dynamic.scaffold,InstrumentedType.Factory.Default,46,0,0,0,11,0,2,0,2,0
BetAndRuinCI,net.bytebuddy.dynamic.scaffold,TypeWriter.Default.ValidatingClassVisitor.Constraint.Compound,298,0,40,0,64,0,37,0,17,0
BetAndRuinCI,net.bytebuddy.dynamic.scaffold,TypeWriter.Default.ForInlining.WithFullProcessing.RedefinitionClassVisitor.CodePreservingMethodVisitor,137,0,10,0,33,0,13,0,8,0
BetAndRuinCI,net.bytebuddy.dynamic.scaffold,InstrumentedType.Default,3201,0,288,0,319,0,188,0,44,0
BetAndRuinCI,net.bytebuddy.dynamic.scaffold,TypeInitializer.Simple,73,0,8,0,7,0,11,0,7,0
BetAndRuinCI,net.bytebuddy.dynamic.scaffold,MethodGraph.Compiler.Default.Merger.Directional,41,0,2,0,7,0,4,0,3,0
BetAndRuinCI,net.bytebuddy.dynamic.scaffold,TypeWriter.Default.ForInlining.WithFullProcessing.InitializationHandler.Creating,13,0,0,0,4,0,2,0,2,0
BetAndRuinCI,net.bytebuddy.dynamic.scaffold,TypeWriter.Default.ValidatingClassVisitor.Constraint.ForInterface,149,0,22,0,31,0,27,0,16,0
BetAndRuinCI,net.bytebuddy.dynamic.scaffold,MethodGraph.Compiler.Default.Key.Store.Entry.Ambiguous,278,0,30,0,36,0,25,0,10,0
BetAndRuinCI,net.bytebuddy.dynamic.scaffold,TypeWriter.Default.ValidatingClassVisitor,409,0,74,0,77,0,50,0,10,0
BetAndRuinCI,net.bytebuddy.dynamic.scaffold,TypeWriter.Default.ForInlining.WithFullProcessing.InitializationHandler.Appending.FrameWriter,4,0,0,0,1,0,1,0,1,0
BetAndRuinCI,net.bytebuddy.dynamic.scaffold,MethodGraph.Compiler,3,0,0,0,1,0,1,0,1,0
BetAndRuinCI,net.bytebuddy.dynamic.scaffold,MethodGraph.Compiler.Default.Key.Store.Entry.Ambiguous.Node,89,0,12,0,9,0,13,0,7,0
BetAndRuinCI,net.bytebuddy.dynamic.scaffold,FieldLocator.ForExactType.Factory,48,0,8,0,4,0,8,0,4,0
BetAndRuinCI,net.bytebuddy.dynamic.scaffold,MethodRegistry.Default.Entry,140,0,14,0,15,0,15,0,8,0
BetAndRuinCI,net.bytebuddy.dynamic.scaffold,FieldLocator.NoOp,20,0,0,0,5,0,4,0,4,0
BetAndRuinCI,net.bytebuddy.dynamic.scaffold,MethodGraph.Compiler.Default,249,0,22,0,32,0,22,0,11,0
BetAndRuinCI,net.bytebuddy.dynamic.scaffold,TypeWriter.Default.ForInlining.WithDecorationOnly.LazyFieldList,18,0,0,0,5,0,3,0,3,0
BetAndRuinCI,net.bytebuddy.dynamic.scaffold,InstrumentedType.Factory.Default.new InstrumentedType.Factory.Default() {...},70,0,4,0,20,0,4,0,2,0
BetAndRuinCI,net.bytebuddy.dynamic.scaffold,InstrumentedType.Factory.Default.new InstrumentedType.Factory.Default() {...},12,0,0,0,2,0,2,0,2,0
BetAndRuinCI,net.bytebuddy.dynamic.scaffold,MethodGraph.Compiler.Default.Harmonizer.ForJavaMethod,19,0,0,0,3,0,2,0,2,0
BetAndRuinCI,net.bytebuddy.dynamic.scaffold,TypeWriter.Default.ForInlining.WithFullProcessing.RedefinitionClassVisitor.AttributeObtainingFieldVisitor,51,0,4,0,13,0,6,0,4,0
BetAndRuinCI,net.bytebuddy.dynamic.scaffold,InstrumentedType.Frozen,335,0,0,0,44,0,41,0,41,0
BetAndRuinCI,net.bytebuddy.dynamic.scaffold,TypeWriter.Default.ForInlining.WithFullProcessing.InitializationHandler.Appending.WithDrain,57,0,0,0,14,0,4,0,4,0
BetAndRuinCI,net.bytebuddy.dynamic.scaffold,TypeWriter.MethodPool.Record.AccessBridgeWrapper,331,0,32,0,46,0,29,0,13,0
BetAndRuinCI,net.bytebuddy.dynamic.scaffold,MethodGraph.Node.Sort,79,0,0,0,13,0,5,0,5,0
BetAndRuinCI,net.bytebuddy.dynamic.scaffold,TypeWriter.Default.ForInlining.WithFullProcessing.InitializationHandler.Appending.WithDrain.WithActiveRecord,60,0,2,0,13,0,4,0,3,0
BetAndRuinCI,net.bytebuddy.dynamic.scaffold,MethodRegistry.Handler.ForAnnotationValue,53,0,8,0,6,0,10,0,6,0
BetAndRuinCI,net.bytebuddy.dynamic.scaffold,TypeWriter.FieldPool.Disabled,19,0,0,0,3,0,2,0,2,0
BetAndRuinCI,net.bytebuddy.dynamic.scaffold,TypeWriter.Default.ValidatingClassVisitor.Constraint.ForPackageType,51,0,4,0,20,0,17,0,15,0
BetAndRuinCI,net.bytebuddy.dynamic.scaffold,TypeWriter.Default.ForCreation,381,0,42,0,65,0,25,0,4,0
BetAndRuinCI,net.bytebuddy.dynamic.scaffold,MethodRegistry.Handler.ForAbstractMethod,25,0,0,0,5,0,4,0,4,0
BetAndRuinCI,net.bytebuddy.dynamic.scaffold,TypeWriter.FieldPool.Record.ForExplicitField,137,0,16,0,20,0,17,0,9,0
BetAndRuinCI,net.bytebuddy.dynamic.scaffold,TypeWriter.Default.ClassDumpAction,159,0,18,0,12,0,14,0,5,0
BetAndRuinCI,net.bytebuddy.dynamic.scaffold,FieldLocator.ForClassHierarchy,81,0,14,0,11,0,12,0,5,0
BetAndRuinCI,net.bytebuddy.dynamic.scaffold,MethodGraph.Empty,29,0,0,0,8,0,7,0,7,0
BetAndRuinCI,net.bytebuddy.dynamic.scaffold,MethodRegistry.Default,344,0,52,0,63,0,33,0,7,0
BetAndRuinCI,net.bytebuddy.dynamic.scaffold,TypeWriter.MethodPool.Record.Sort,57,0,0,0,10,0,4,0,4,0
BetAndRuinCI,net.bytebuddy.dynamic.scaffold,FieldLocator.ForTopLevelType.Factory,19,0,0,0,3,0,2,0,2,0
BetAndRuinCI,net.bytebuddy.dynamic.scaffold,FieldLocator.ForExactType,61,0,10,0,6,0,10,0,5,0
BetAndRuinCI,net.bytebuddy.dynamic.scaffold,TypeWriter.Default.ForInlining.WithFullProcessing.RedefinitionClassVisitor.AttributeObtainingMethodVisitor,92,0,8,0,24,0,12,0,8,0
BetAndRuinCI,net.bytebuddy.dynamic.scaffold,TypeWriter.Default.ForInlining.WithFullProcessing.InitializationHandler.Appending.FrameWriter.Expanding,25,0,0,0,5,0,3,0,3,0
BetAndRuinCI,net.bytebuddy.dynamic.scaffold,TypeWriter.Default.ValidatingClassVisitor.Constraint.ForClass,80,0,4,0,22,0,18,0,16,0
BetAndRuinCI,net.bytebuddy.dynamic.scaffold,FieldLocator.ForClassHierarchy.Factory,19,0,0,0,3,0,2,0,2,0
BetAndRuinCI,net.bytebuddy.dynamic.scaffold,MethodRegistry.Default.Compiled.Entry,164,0,24,0,13,0,16,0,4,0
BetAndRuinCI,net.bytebuddy.dynamic.scaffold,MethodGraph.Linked.Delegation,101,0,14,0,10,0,14,0,7,0
BetAndRuinCI,net.bytebuddy.dynamic.scaffold,TypeValidation,43,0,2,0,8,0,5,0,4,0
BetAndRuinCI,net.bytebuddy.dynamic.scaffold,TypeWriter.Default.ForInlining.WithFullProcessing.InitializationHandler.Appending.WithDrain.WithoutActiveRecord,10,0,0,0,3,0,2,0,2,0
BetAndRuinCI,net.bytebuddy.dynamic.scaffold,MethodGraph.Compiler.ForDeclaredMethods,63,0,2,0,8,0,4,0,3,0
BetAndRuinCI,net.bytebuddy.dynamic.scaffold,TypeWriter.MethodPool.Record.ForDefinedMethod.OfVisibilityBridge,249,0,24,0,36,0,25,0,13,0
BetAndRuinCI,net.bytebuddy.dynamic.scaffold,TypeWriter.Default.ClassDumpAction.Dispatcher.Disabled,15,0,0,0,3,0,2,0,2,0
BetAndRuinCI,net.bytebuddy.dynamic.scaffold,MethodGraph.Compiler.Default.Key.Detached,23,0,0,0,5,0,3,0,3,0
BetAndRuinCI,net.bytebuddy.dynamic.scaffold,TypeWriter.Default.ForInlining.WithFullProcessing.InitializationHandler.Appending.WithoutDrain,11,0,0,0,4,0,3,0,3,0
BetAndRuinCI,net.bytebuddy.dynamic.scaffold,MethodGraph.Compiler.Default.Key,52,0,10,0,12,0,8,0,3,0
BetAndRuinCI,net.bytebuddy.dynamic.scaffold,TypeWriter.Default.ValidatingClassVisitor.ValidatingMethodVisitor,130,0,19,0,34,0,17,0,7,0
BetAndRuinCI,net.bytebuddy.dynamic.scaffold,TypeWriter.Default.ValidatingClassVisitor.Constraint.ForAnnotation,125,0,20,0,31,0,26,0,16,0
BetAndRuinCI,net.bytebuddy.dynamic.scaffold,TypeWriter.Default.ValidatingClassVisitor.ValidatingFieldVisitor,17,0,0,0,5,0,2,0,2,0
BetAndRuinCI,net.bytebuddy.dynamic.scaffold,FieldLocator.ForTopLevelType,11,0,0,0,3,0,2,0,2,0
BetAndRuinCI,net.bytebuddy.dynamic.scaffold,FieldLocator.Resolution.Illegal,21,0,0,0,4,0,3,0,3,0
BetAndRuinCI,net.bytebuddy.dynamic.scaffold,TypeWriter.MethodPool.Record.ForDefinedMethod,65,0,6,0,16,0,5,0,2,0
BetAndRuinCI,net.bytebuddy.dynamic.scaffold,MethodGraph.Compiler.Default.Key.Harmonized,174,0,8,0,34,0,10,0,6,0
BetAndRuinCI,net.bytebuddy.dynamic.scaffold,ClassWriterStrategy.Default.new ClassWriterStrategy.Default() {...},11,0,0,0,2,0,2,0,2,0
BetAndRuinCI,net.bytebuddy.dynamic.scaffold,ClassWriterStrategy.Default.new ClassWriterStrategy.Default() {...},13,0,0,0,2,0,2,0,2,0
BetAndRuinCI,net.bytebuddy.dynamic.scaffold,TypeWriter.MethodPool.Record.AccessBridgeWrapper.BridgeTarget,52,0,0,0,13,0,10,0,10,0
BetAndRuinCI,net.bytebuddy.dynamic.scaffold,FieldLocator.AbstractBase,88,0,12,0,9,0,11,0,5,0
BetAndRuinCI,net.bytebuddy.dynamic.scaffold,TypeWriter.Default.ValidatingClassVisitor.Constraint.ForClassFileVersion,343,0,48,0,47,0,41,0,17,0
BetAndRuinCI,net.bytebuddy.dynamic.scaffold,TypeWriter.MethodPool.Record.ForDefinedMethod.WithBody,173,0,14,0,21,0,19,0,12,0
BetAndRuinCI,net.bytebuddy.dynamic.scaffold,ClassWriterStrategy.Default,30,0,0,0,4,0,2,0,2,0
BetAndRuinCI,net.bytebuddy.dynamic.scaffold,TypeWriter.Default.ForInlining.WithFullProcessing.InitializationHandler.Appending,187,0,10,0,36,0,14,0,9,0
BetAndRuinCI,net.bytebuddy.dynamic.scaffold,TypeWriter.Default.ForInlining.WithFullProcessing.InitializationHandler.Appending.FrameWriter.NoOp,16,0,0,0,4,0,3,0,3,0
BetAndRuinCI,net.bytebuddy.dynamic.scaffold,MethodRegistry.Handler.ForVisibilityBridge.Compiled,47,0,8,0,4,0,8,0,4,0
BetAndRuinCI,net.bytebuddy.dynamic.scaffold,MethodGraph.Compiler.Default.Harmonizer.ForJavaMethod.Token,38,0,6,0,7,0,7,0,4,0
BetAndRuinCI,net.bytebuddy.dynamic.scaffold,TypeWriter.FieldPool.Record.ForImplicitField,112,0,10,0,17,0,14,0,9,0
BetAndRuinCI,net.bytebuddy.dynamic.scaffold,MethodGraph.Compiler.Default.Key.Store,357,0,44,0,65,0,31,0,9,0
BetAndRuinCI,net.bytebuddy.dynamic.scaffold,MethodGraph.Compiler.Default.Key.Store.Entry.Resolved.Node,110,0,16,0,10,0,15,0,7,0
BetAndRuinCI,net.bytebuddy.dynamic.scaffold,TypeInitializer.None,29,0,0,0,6,0,5,0,5,0
BetAndRuinCI,net.bytebuddy.dynamic.scaffold,MethodGraph.NodeList,49,0,2,0,11,0,6,0,5,0
BetAndRuinCI,net.bytebuddy.dynamic.scaffold,MethodRegistry.Default.Prepared.Entry,169,0,18,0,19,0,19,0,10,0
BetAndRuinCI,net.bytebuddy.dynamic.scaffold,TypeWriter.Default.ForInlining.WithFullProcessing.InitializationHandler.Appending.WithoutDrain.WithoutActiveRecord,10,0,0,0,3,0,2,0,2,0
BetAndRuinCI,net.bytebuddy.dynamic.scaffold,TypeWriter.MethodPool.Record.AccessBridgeWrapper.AccessorBridge,58,0,0,0,14,0,10,0,10,0
BetAndRuinCI,net.bytebuddy.dynamic.scaffold,MethodGraph.Compiler.AbstractBase,8,0,0,0,2,0,2,0,2,0
BetAndRuinCI,net.bytebuddy.dynamic.scaffold,MethodGraph.Compiler.Default.Harmonizer.ForJVMMethod.Token,57,0,8,0,13,0,8,0,4,0
BetAndRuinCI,net.bytebuddy.dynamic.scaffold,ClassWriterStrategy.FrameComputingClassWriter,67,0,10,0,17,0,8,0,3,0
BetAndRuinCI,net.bytebuddy.dynamic.scaffold,TypeWriter.MethodPool.Record.ForDefinedMethod.OfVisibilityBridge.VisibilityBridge,56,0,0,0,13,0,10,0,10,0
BetAndRuinCI,net.bytebuddy.dynamic.scaffold,FieldRegistry.Default,136,0,12,0,19,0,12,0,6,0
BetAndRuinCI,net.bytebuddy.dynamic.scaffold,MethodGraph.Simple,92,0,12,0,11,0,12,0,6,0
BetAndRuinCI,net.bytebuddy.dynamic.scaffold,TypeWriter.MethodPool.Record.ForDefinedMethod.WithoutBody,128,0,12,0,15,0,17,0,11,0
BetAndRuinCI,net.bytebuddy.dynamic.scaffold,MethodRegistry.Default.Compiled,175,0,20,0,16,0,19,0,9,0
BetAndRuinCI,net.bytebuddy.dynamic.scaffold,MethodRegistry.Default.Prepared,283,0,24,0,34,0,21,0,9,0
BetAndRuinCI,net.bytebuddy.dynamic.scaffold,TypeWriter.MethodPool.Record.ForNonImplementedMethod,128,0,8,0,13,0,16,0,12,0
BetAndRuinCI,net.bytebuddy.dynamic.scaffold,TypeWriter.Default,519,0,44,0,52,0,31,0,9,0
BetAndRuinCI,net.bytebuddy.dynamic.scaffold,TypeWriter.Default.ForInlining.WithFullProcessing.RedefinitionClassVisitor,975,0,114,0,177,0,74,0,17,0
BetAndRuinCI,net.bytebuddy.dynamic.scaffold,TypeWriter.Default.UnresolvedType,99,0,12,0,7,0,11,0,5,0
BetAndRuinCI,net.bytebuddy.dynamic.scaffold,TypeWriter.Default.ForInlining.WithDecorationOnly,45,0,2,0,5,0,3,0,2,0
BetAndRuinCI,net.bytebuddy.dynamic.scaffold,MethodGraph.Compiler.Default.Key.Store.Graph,64,0,10,0,6,0,10,0,5,0
BetAndRuinCI,net.bytebuddy.dynamic.scaffold,TypeWriter.MethodPool.Record.ForDefinedMethod.WithAnnotationDefaultValue,176,0,14,0,21,0,18,0,11,0
BetAndRuinCI,net.bytebuddy.dynamic.scaffold,FieldRegistry.Compiled.NoOp,19,0,0,0,3,0,2,0,2,0
BetAndRuinCI,net.bytebuddy.dynamic.scaffold,MethodGraph.Compiler.Default.Harmonizer.ForJVMMethod,19,0,0,0,3,0,2,0,2,0
BetAndRuinCI,net.bytebuddy.dynamic.scaffold,MethodGraph.Node.Simple,52,0,8,0,7,0,11,0,7,0
BetAndRuinCI,net.bytebuddy.dynamic.scaffold,MethodRegistry.Handler.ForImplementation,54,0,8,0,5,0,9,0,5,0
BetAndRuinCI,net.bytebuddy.dynamic.scaffold,TypeWriter.Default.ForInlining.WithFullProcessing,138,0,16,0,8,0,12,0,4,0
BetAndRuinCI,net.bytebuddy.dynamic.scaffold,TypeInitializer.Drain.Default,93,0,12,0,7,0,10,0,4,0
BetAndRuinCI,net.bytebuddy.dynamic.scaffold,TypeWriter.Default.ForInlining.WithDecorationOnly.DecorationClassVisitor,141,0,4,0,26,0,11,0,9,0
BetAndRuinCI,net.bytebuddy.dynamic.scaffold,FieldRegistry.Default.Compiled.Entry,114,0,14,0,8,0,12,0,5,0
BetAndRuinCI,net.bytebuddy.dynamic.scaffold,MethodRegistry.Handler.ForImplementation.Compiled,50,0,8,0,4,0,8,0,4,0
BetAndRuinCI,net.bytebuddy.dynamic.scaffold,TypeWriter.Default.ForInlining.WithFullProcessing.InitializationHandler.Appending.WithoutDrain.WithActiveRecord,60,0,2,0,13,0,4,0,3,0
BetAndRuinCI,net.bytebuddy.dynamic.scaffold,FieldRegistry.Default.Entry,109,0,14,0,10,0,14,0,7,0
BetAndRuinCI,net.bytebuddy.dynamic.scaffold,FieldRegistry.Default.Compiled,86,0,14,0,9,0,11,0,4,0
BetAndRuinCI,net.bytebuddy.dynamic.scaffold,MethodGraph.Node.Unresolved,31,0,0,0,6,0,5,0,5,0
BetAndRuinCI,net.bytebuddy.dynamic.scaffold,TypeWriter.Default.ForInlining,161,0,12,0,18,0,11,0,5,0
BetAndRuinCI,net.bytebuddy.dynamic.scaffold,MethodRegistry.Handler.ForVisibilityBridge,25,0,0,0,4,0,3,0,3,0
BetAndRuinCI,net.bytebuddy.dynamic.scaffold,TypeWriter.Default.ForInlining.WithFullProcessing.InitializationHandler.Appending.FrameWriter.Active,77,0,9,0,18,0,9,0,3,0
BetAndRuinCI,net.bytebuddy.dynamic.scaffold,MethodGraph.Compiler.Default.Key.Store.Entry.Initial,108,0,6,0,17,0,12,0,9,0
BetAndRuinCI,net.bytebuddy.dynamic.scaffold,TypeWriter.Default.ForInlining.WithFullProcessing.OpenedClassRemapper,6,0,0,0,2,0,1,0,1,0
BetAndRuinCI,net.bytebuddy.dynamic.scaffold,MethodGraph.Compiler.Default.Key.Store.Entry.Resolved,205,0,20,0,19,0,20,0,10,0
BetAndRuinCI,net.bytebuddy.dynamic.scaffold,TypeWriter.Default.ForInlining.ContextRegistry,11,0,0,0,4,0,3,0,3,0
BetAndRuinCI,org.objenesis.strategy,SerializingInstantiatorStrategy,84,0,18,0,16,0,11,0,2,0
BetAndRuinCI,org.objenesis.strategy,SingleInstantiatorStrategy,37,0,0,0,9,0,2,0,2,0
BetAndRuinCI,org.objenesis.strategy,StdInstantiatorStrategy,86,0,22,0,20,0,13,0,2,0
BetAndRuinCI,org.objenesis.strategy,BaseInstantiatorStrategy,3,0,0,0,1,0,1,0,1,0
BetAndRuinCI,org.objenesis.strategy,PlatformDescription,202,0,18,0,54,0,21,0,12,0
BetAndRuinCI,com.objectdb.jpa.attr,SetAttributeImpl,9,0,0,0,3,0,2,0,2,0
BetAndRuinCI,com.objectdb.jpa.attr,SingularAttributeImpl,41,0,0,0,13,0,7,0,7,0
BetAndRuinCI,com.objectdb.jpa.attr,AttributeImpl,174,0,24,0,53,0,23,0,11,0
BetAndRuinCI,com.objectdb.jpa.attr,PluralAttributeImpl,18,0,0,0,6,0,4,0,4,0
BetAndRuinCI,com.objectdb.jpa.attr,MapAttributeImpl,19,0,0,0,6,0,4,0,4,0
BetAndRuinCI,com.objectdb.jpa.attr,ListAttributeImpl,9,0,0,0,3,0,2,0,2,0
BetAndRuinCI,com.objectdb.jpa.attr,CollectionAttributeImpl,9,0,0,0,3,0,2,0,2,0
BetAndRuinCI,net.bytebuddy.implementation,SuperMethodCall.Appender.TerminationHandler.new SuperMethodCall.Appender.TerminationHandler() {...},10,0,0,0,2,0,2,0,2,0
BetAndRuinCI,net.bytebuddy.implementation,SuperMethodCall.Appender.TerminationHandler.new SuperMethodCall.Appender.TerminationHandler() {...},10,0,0,0,2,0,2,0,2,0
BetAndRuinCI,net.bytebuddy.implementation,EqualsMethod.ValueComparator.new EqualsMethod.ValueComparator() {...},15,0,0,0,3,0,2,0,2,0
BetAndRuinCI,net.bytebuddy.implementation,EqualsMethod.ValueComparator.new EqualsMethod.ValueComparator() {...},19,0,0,0,3,0,2,0,2,0
BetAndRuinCI,net.bytebuddy.implementation,EqualsMethod.ValueComparator.new EqualsMethod.ValueComparator() {...},19,0,0,0,3,0,2,0,2,0
BetAndRuinCI,net.bytebuddy.implementation,EqualsMethod.ValueComparator.new EqualsMethod.ValueComparator() {...},19,0,0,0,3,0,2,0,2,0
BetAndRuinCI,net.bytebuddy.implementation,EqualsMethod.ValueComparator.new EqualsMethod.ValueComparator() {...},15,0,0,0,3,0,2,0,2,0
BetAndRuinCI,net.bytebuddy.implementation,EqualsMethod.ValueComparator.new EqualsMethod.ValueComparator() {...},15,0,0,0,3,0,2,0,2,0
BetAndRuinCI,net.bytebuddy.implementation,EqualsMethod.ValueComparator.new EqualsMethod.ValueComparator() {...},19,0,0,0,3,0,2,0,2,0
BetAndRuinCI,net.bytebuddy.implementation,EqualsMethod.ValueComparator.new EqualsMethod.ValueComparator() {...},19,0,0,0,3,0,2,0,2,0
BetAndRuinCI,net.bytebuddy.implementation,EqualsMethod.ValueComparator.new EqualsMethod.ValueComparator() {...},19,0,0,0,3,0,2,0,2,0
BetAndRuinCI,net.bytebuddy.implementation,HashCodeMethod.Appender,240,0,26,0,27,0,17,0,4,0
BetAndRuinCI,net.bytebuddy.implementation,FieldAccessor.ForSetter.OfParameterValue,150,0,12,0,12,0,14,0,8,0
BetAndRuinCI,net.bytebuddy.implementation,EqualsMethod.Appender,267,0,30,0,30,0,19,0,4,0
BetAndRuinCI,net.bytebuddy.implementation,InvokeDynamic.InvocationProvider.ArgumentProvider.ForInterceptedMethodParameters,26,0,0,0,5,0,3,0,3,0
BetAndRuinCI,net.bytebuddy.implementation,ToStringMethod.ValueConsumer,313,0,40,0,58,0,23,0,3,0
BetAndRuinCI,net.bytebuddy.implementation,MethodCall.TargetHandler.ForSelfOrStaticInvocation.Factory,22,0,0,0,4,0,3,0,3,0
BetAndRuinCI,net.bytebuddy.implementation,MethodCall.ArgumentLoader.ForThisReference,102,0,12,0,12,0,11,0,5,0
BetAndRuinCI,net.bytebuddy.implementation,InvokeDynamic.InvocationProvider.ArgumentProvider.ForLongConstant,56,0,8,0,5,0,9,0,5,0
BetAndRuinCI,net.bytebuddy.implementation,InvokeDynamic.InvocationProvider.ReturnTypeProvider.ForInterceptedMethod,18,0,0,0,3,0,2,0,2,0
BetAndRuinCI,net.bytebuddy.implementation,FieldAccessor.ForSetter.OfReferenceValue,197,0,16,0,15,0,16,0,8,0
BetAndRuinCI,net.bytebuddy.implementation,MethodCall.TerminationHandler.FieldSetting.Explicit,97,0,14,0,8,0,11,0,4,0
BetAndRuinCI,net.bytebuddy.implementation,InvokeDynamic.InvocationProvider.ArgumentProvider.ConstantPoolWrapper,223,0,26,0,40,0,16,0,3,0
BetAndRuinCI,net.bytebuddy.implementation,MethodCall.TargetHandler.ForField.Factory,81,0,12,0,8,0,11,0,5,0
BetAndRuinCI,net.bytebuddy.implementation,MethodCall.MethodLocator.ForElementMatcher.Factory,68,0,10,0,5,0,9,0,4,0
BetAndRuinCI,net.bytebuddy.implementation,ToStringMethod.Appender,317,0,26,0,36,0,17,0,4,0
BetAndRuinCI,net.bytebuddy.implementation,EqualsMethod.CompoundComparator,101,0,18,0,17,0,14,0,5,0
BetAndRuinCI,net.bytebuddy.implementation,InvokeDynamic.InvocationProvider.ArgumentProvider.ConstantPoolWrapper.WrappingArgumentProvider,92,0,10,0,6,0,10,0,5,0
BetAndRuinCI,net.bytebuddy.implementation,MethodCall.TargetHandler.ForMethodCall.Factory,60,0,8,0,5,0,9,0,5,0
BetAndRuinCI,net.bytebuddy.implementation,HashCodeMethod.NullValueGuard.UsingJump,86,0,10,0,9,0,12,0,7,0
BetAndRuinCI,net.bytebuddy.implementation,SuperMethodCall.Appender,117,0,12,0,14,0,10,0,4,0
BetAndRuinCI,net.bytebuddy.implementation,InvokeDynamic.WithImplicitArguments,43,0,0,0,6,0,4,0,4,0
BetAndRuinCI,net.bytebuddy.implementation,MethodAccessorFactory.Illegal,29,0,0,0,5,0,4,0,4,0
BetAndRuinCI,net.bytebuddy.implementation,LoadedTypeInitializer.Compound,113,0,20,0,20,0,16,0,6,0
BetAndRuinCI,net.bytebuddy.implementation,MethodCall.TargetHandler.ForValue.Factory,102,0,10,0,9,0,10,0,5,0
BetAndRuinCI,net.bytebuddy.implementation,MethodCall.MethodInvoker.ForSuperMethodInvocation.Factory,34,0,2,0,5,0,3,0,2,0
BetAndRuinCI,net.bytebuddy.implementation,Implementation.Context.Default.FieldSetterDelegation,109,0,10,0,11,0,11,0,6,0
BetAndRuinCI,net.bytebuddy.implementation,FixedValue.ForThisValue,24,0,0,0,7,0,5,0,5,0
BetAndRuinCI,net.bytebuddy.implementation,InvokeDynamic.InvocationProvider.ArgumentProvider.ForMethodParameter.WithExplicitType,96,0,12,0,7,0,10,0,4,0
BetAndRuinCI,net.bytebuddy.implementation,MethodCall.ArgumentLoader.ForThisReference.Factory,22,0,0,0,4,0,3,0,3,0
BetAndRuinCI,net.bytebuddy.implementation,ToStringMethod.PrefixResolver.Default.new ToStringMethod.PrefixResolver.Default() {...},9,0,0,0,2,0,2,0,2,0
BetAndRuinCI,net.bytebuddy.implementation,MethodDelegation.ImplementationDelegate.Compiled.ForConstruction,80,0,10,0,7,0,11,0,6,0
BetAndRuinCI,net.bytebuddy.implementation,EqualsMethod.TypeCompatibilityCheck.new EqualsMethod.TypeCompatibilityCheck() {...},48,0,0,0,9,0,2,0,2,0
BetAndRuinCI,net.bytebuddy.implementation,EqualsMethod.TypeCompatibilityCheck.new EqualsMethod.TypeCompatibilityCheck() {...},27,0,0,0,5,0,2,0,2,0
BetAndRuinCI,net.bytebuddy.implementation,ToStringMethod.PrefixResolver.Default.new ToStringMethod.PrefixResolver.Default() {...},9,0,0,0,2,0,2,0,2,0
BetAndRuinCI,net.bytebuddy.implementation,ToStringMethod.PrefixResolver.Default.new ToStringMethod.PrefixResolver.Default() {...},9,0,0,0,2,0,2,0,2,0
BetAndRuinCI,net.bytebuddy.implementation,InvokeDynamic.WithImplicitTarget,88,0,0,0,11,0,6,0,6,0
BetAndRuinCI,net.bytebuddy.implementation,MethodCall.MethodInvoker.ForContextualInvocation.Factory,19,0,0,0,3,0,2,0,2,0
BetAndRuinCI,net.bytebuddy.implementation,MethodCall.ArgumentLoader.ForInstance,91,0,10,0,10,0,10,0,5,0
BetAndRuinCI,net.bytebuddy.implementation,MethodDelegation.ImplementationDelegate.ForField,165,0,18,0,19,0,13,0,4,0
BetAndRuinCI,net.bytebuddy.implementation,LoadedTypeInitializer.ForStaticField,144,0,18,0,19,0,15,0,6,0
BetAndRuinCI,net.bytebuddy.implementation,MethodCall.TerminationHandler.Simple.new MethodCall.TerminationHandler.Simple() {...},8,0,0,0,2,0,2,0,2,0
BetAndRuinCI,net.bytebuddy.implementation,MethodCall.TerminationHandler.Simple.new MethodCall.TerminationHandler.Simple() {...},16,0,2,0,4,0,3,0,2,0
BetAndRuinCI,net.bytebuddy.implementation,MethodCall.TerminationHandler.Simple.new MethodCall.TerminationHandler.Simple() {...},57,0,4,0,7,0,4,0,2,0
BetAndRuinCI,net.bytebuddy.implementation,EqualsMethod.ValueComparator.new EqualsMethod.ValueComparator() {...},19,0,0,0,3,0,2,0,2,0
BetAndRuinCI,net.bytebuddy.implementation,EqualsMethod.ValueComparator.new EqualsMethod.ValueComparator() {...},19,0,0,0,3,0,2,0,2,0
BetAndRuinCI,net.bytebuddy.implementation,EqualsMethod.ValueComparator.new EqualsMethod.ValueComparator() {...},19,0,0,0,3,0,2,0,2,0
BetAndRuinCI,net.bytebuddy.implementation,EqualsMethod.ValueComparator.new EqualsMethod.ValueComparator() {...},19,0,0,0,3,0,2,0,2,0
BetAndRuinCI,net.bytebuddy.implementation,MethodCall.FieldSetting.Appender,44,0,2,0,5,0,3,0,2,0
BetAndRuinCI,net.bytebuddy.implementation,MethodCall.ArgumentLoader.ForMethodParameterArrayElement,120,0,12,0,12,0,10,0,4,0
BetAndRuinCI,net.bytebuddy.implementation,MethodCall.TerminationHandler.Simple,38,0,0,0,6,0,3,0,3,0
BetAndRuinCI,net.bytebuddy.implementation,InvokeDynamic.WithImplicitType,14,0,0,0,3,0,2,0,2,0
BetAndRuinCI,net.bytebuddy.implementation,MethodCall,876,0,54,0,96,0,70,0,43,0
BetAndRuinCI,net.bytebuddy.implementation,Implementation.Context.Default.AbstractPropertyAccessorMethod,16,0,2,0,2,0,3,0,2,0
BetAndRuinCI,net.bytebuddy.implementation,InvokeDynamic.InvocationProvider.ArgumentProvider.ForThisInstance,84,0,12,0,9,0,11,0,5,0
BetAndRuinCI,net.bytebuddy.implementation,HashCodeMethod.ValueTransformer.new HashCodeMethod.ValueTransformer() {...},19,0,0,0,3,0,2,0,2,0
BetAndRuinCI,net.bytebuddy.implementation,HashCodeMethod.ValueTransformer.new HashCodeMethod.ValueTransformer() {...},19,0,0,0,3,0,2,0,2,0
BetAndRuinCI,net.bytebuddy.implementation,HashCodeMethod.ValueTransformer.new HashCodeMethod.ValueTransformer() {...},19,0,0,0,3,0,2,0,2,0
BetAndRuinCI,net.bytebuddy.implementation,HashCodeMethod.ValueTransformer.new HashCodeMethod.ValueTransformer() {...},19,0,0,0,3,0,2,0,2,0
BetAndRuinCI,net.bytebuddy.implementation,HashCodeMethod.ValueTransformer.new HashCodeMethod.ValueTransformer() {...},35,0,0,0,8,0,2,0,2,0
BetAndRuinCI,net.bytebuddy.implementation,HashCodeMethod.ValueTransformer.new HashCodeMethod.ValueTransformer() {...},19,0,0,0,3,0,2,0,2,0
BetAndRuinCI,net.bytebuddy.implementation,HashCodeMethod.ValueTransformer.new HashCodeMethod.ValueTransformer() {...},19,0,0,0,3,0,2,0,2,0
BetAndRuinCI,net.bytebuddy.implementation,HashCodeMethod.ValueTransformer.new HashCodeMethod.ValueTransformer() {...},19,0,0,0,3,0,2,0,2,0
BetAndRuinCI,net.bytebuddy.implementation,HashCodeMethod.ValueTransformer.new HashCodeMethod.ValueTransformer() {...},28,0,0,0,7,0,2,0,2,0
BetAndRuinCI,net.bytebuddy.implementation,HashCodeMethod.OffsetProvider.ForFixedValue,43,0,8,0,4,0,8,0,4,0
BetAndRuinCI,net.bytebuddy.implementation,Implementation.Context.Default.DelegationRecord,103,0,10,0,15,0,16,0,11,0
BetAndRuinCI,net.bytebuddy.implementation,MethodCall.FieldSetting,95,0,8,0,8,0,12,0,8,0
BetAndRuinCI,net.bytebuddy.implementation,MethodCall.ArgumentLoader.ForMethodParameterArray.ForInstrumentedMethod,25,0,0,0,5,0,4,0,4,0
BetAndRuinCI,net.bytebuddy.implementation,EqualsMethod.TypePropertyComparator,70,0,8,0,10,0,6,0,2,0
BetAndRuinCI,net.bytebuddy.implementation,ExceptionMethod.ConstructionDelegate.ForStringConstructor,121,0,12,0,9,0,10,0,4,0
BetAndRuinCI,net.bytebuddy.implementation,InvokeDynamic.WithImplicitType.OfArgument,57,0,0,0,7,0,3,0,3,0
BetAndRuinCI,net.bytebuddy.implementation,FieldAccessor.FieldLocation.Relative,81,0,10,0,8,0,11,0,6,0
BetAndRuinCI,net.bytebuddy.implementation,InvokeDynamic.InvocationProvider.ArgumentProvider.ForByteConstant,50,0,8,0,5,0,9,0,5,0
BetAndRuinCI,net.bytebuddy.implementation,InvokeDynamic,1503,0,86,0,172,0,87,0,44,0
BetAndRuinCI,net.bytebuddy.implementation,InvokeDynamic.InvocationProvider.ArgumentProvider.ForNullValue,50,0,8,0,5,0,9,0,5,0
BetAndRuinCI,net.bytebuddy.implementation,Implementation.SpecialMethodInvocation.AbstractBase,47,0,8,0,10,0,8,0,4,0
BetAndRuinCI,net.bytebuddy.implementation,InvocationHandlerAdapter.ForField,152,0,14,0,13,0,15,0,8,0
BetAndRuinCI,net.bytebuddy.implementation,Implementation.SpecialMethodInvocation.Simple,51,0,4,0,13,0,8,0,6,0
BetAndRuinCI,net.bytebuddy.implementation,InvocationHandlerAdapter.ForField.Appender,75,0,12,0,6,0,10,0,4,0
BetAndRuinCI,net.bytebuddy.implementation,MethodCall.TargetHandler.ForSelfOrStaticInvocation,48,0,8,0,4,0,8,0,4,0
BetAndRuinCI,net.bytebuddy.implementation,Implementation.Context.Default.AccessorMethodDelegation,110,0,10,0,12,0,11,0,6,0
BetAndRuinCI,net.bytebuddy.implementation,EqualsMethod.SuperClassCheck.new EqualsMethod.SuperClassCheck() {...},51,0,2,0,8,0,3,0,2,0
BetAndRuinCI,net.bytebuddy.implementation,SuperMethodCall.WithoutReturn,22,0,0,0,4,0,3,0,3,0
BetAndRuinCI,net.bytebuddy.implementation,EqualsMethod.SuperClassCheck.new EqualsMethod.SuperClassCheck() {...},8,0,0,0,2,0,2,0,2,0
BetAndRuinCI,net.bytebuddy.implementation,InvokeDynamic.AbstractDelegator,160,0,0,0,32,0,31,0,31,0
BetAndRuinCI,net.bytebuddy.implementation,Implementation.Context.Default.AccessorMethod,70,0,2,0,14,0,11,0,10,0
BetAndRuinCI,net.bytebuddy.implementation,InvokeDynamic.InvocationProvider.ArgumentProvider.ForShortConstant,50,0,8,0,5,0,9,0,5,0
BetAndRuinCI,net.bytebuddy.implementation,Implementation.Simple,58,0,8,0,8,0,10,0,6,0
BetAndRuinCI,net.bytebuddy.implementation,InvocationHandlerAdapter.ForInstance.Appender,81,0,10,0,5,0,9,0,4,0
BetAndRuinCI,net.bytebuddy.implementation,FixedValue.ForArgument,154,0,14,0,18,0,15,0,8,0
BetAndRuinCI,net.bytebuddy.implementation,InvokeDynamic.InvocationProvider.ArgumentProvider.ForMethodParameter,90,0,10,0,9,0,11,0,6,0
BetAndRuinCI,net.bytebuddy.implementation,ToStringMethod.PrefixResolver.ForFixedValue,44,0,8,0,4,0,8,0,4,0
BetAndRuinCI,net.bytebuddy.implementation,MethodCall.ArgumentLoader.ForInstrumentedType,82,0,10,0,10,0,10,0,5,0
BetAndRuinCI,net.bytebuddy.implementation,HashCodeMethod,215,0,18,0,25,0,22,0,13,0
BetAndRuinCI,net.bytebuddy.implementation,HashCodeMethod.NullValueGuard.UsingJump.AfterInstruction,68,0,10,0,6,0,10,0,5,0
BetAndRuinCI,net.bytebuddy.implementation,InvokeDynamic.InvocationProvider.Default.Target,150,0,16,0,15,0,12,0,4,0
BetAndRuinCI,net.bytebuddy.implementation,FixedValue.ForOriginType,26,0,0,0,7,0,5,0,5,0
BetAndRuinCI,net.bytebuddy.implementation,MethodCall.TargetHandler.ForValue,95,0,10,0,10,0,11,0,6,0
BetAndRuinCI,net.bytebuddy.implementation,SuperMethodCall,42,0,0,0,6,0,5,0,5,0
BetAndRuinCI,net.bytebuddy.implementation,SuperMethodCall.Appender.TerminationHandler,24,0,0,0,3,0,1,0,1,0
BetAndRuinCI,net.bytebuddy.implementation,MethodCall.TargetHandler.ForConstructingInvocation,63,0,8,0,6,0,10,0,6,0
BetAndRuinCI,net.bytebuddy.implementation,MethodCall.TargetHandler.ForMethodParameter,74,0,10,0,8,0,11,0,6,0
BetAndRuinCI,net.bytebuddy.implementation,InvokeDynamic.Appender,129,0,10,0,12,0,9,0,4,0
BetAndRuinCI,net.bytebuddy.implementation,Implementation.SpecialMethodInvocation.Illegal,33,0,0,0,7,0,6,0,6,0
BetAndRuinCI,net.bytebuddy.implementation,MethodCall.TargetHandler.ForSelfOrStaticInvocation.Resolved,159,0,28,0,15,0,19,0,5,0
BetAndRuinCI,net.bytebuddy.implementation,InvokeDynamic.InvocationProvider.ArgumentProvider.ForBooleanConstant,50,0,8,0,5,0,9,0,5,0
BetAndRuinCI,net.bytebuddy.implementation,FixedValue.ForPoolValue,106,0,12,0,12,0,15,0,9,0
BetAndRuinCI,net.bytebuddy.implementation,EqualsMethod.TypePropertyComparator.new EqualsMethod.TypePropertyComparator() {...},9,0,0,0,2,0,2,0,2,0
BetAndRuinCI,net.bytebuddy.implementation,EqualsMethod.TypePropertyComparator.new EqualsMethod.TypePropertyComparator() {...},9,0,0,0,2,0,2,0,2,0
BetAndRuinCI,net.bytebuddy.implementation,EqualsMethod.TypePropertyComparator.new EqualsMethod.TypePropertyComparator() {...},10,0,0,0,2,0,2,0,2,0
BetAndRuinCI,net.bytebuddy.implementation,EqualsMethod.TypePropertyComparator.new EqualsMethod.TypePropertyComparator() {...},10,0,0,0,2,0,2,0,2,0
BetAndRuinCI,net.bytebuddy.implementation,MethodCall.TargetHandler.Simple,71,0,10,0,9,0,13,0,8,0
BetAndRuinCI,net.bytebuddy.implementation,InvokeDynamic.InvocationProvider.NameProvider.ForInterceptedMethod,17,0,0,0,3,0,2,0,2,0
BetAndRuinCI,net.bytebuddy.implementation,MethodDelegation,332,0,18,0,37,0,38,0,29,0
BetAndRuinCI,net.bytebuddy.implementation,MethodCall.ArgumentLoader.ForMethodCall,146,0,16,0,11,0,12,0,4,0
BetAndRuinCI,net.bytebuddy.implementation,MethodCall.ArgumentLoader.ForMethodParameterArrayElement.OfParameter,118,0,14,0,11,0,13,0,6,0
BetAndRuinCI,net.bytebuddy.implementation,MethodCall.WithoutSpecifiedTarget,211,0,2,0,19,0,14,0,13,0
BetAndRuinCI,net.bytebuddy.implementation,InvokeDynamic.InvocationProvider.ArgumentProvider.ForInterceptedMethodInstanceAndParameters,39,0,2,0,7,0,4,0,3,0
BetAndRuinCI,net.bytebuddy.implementation,Implementation.Context.Default.FieldCacheEntry,85,0,10,0,17,0,12,0,7,0
BetAndRuinCI,net.bytebuddy.implementation,MethodDelegation.Appender,153,0,16,0,12,0,12,0,4,0
BetAndRuinCI,net.bytebuddy.implementation,MethodCall.MethodLocator.ForExplicitMethod,46,0,8,0,5,0,9,0,5,0
BetAndRuinCI,net.bytebuddy.implementation,FixedValue.ForOriginType.Appender,71,0,10,0,6,0,9,0,4,0
BetAndRuinCI,net.bytebuddy.implementation,ToStringMethod,293,0,32,0,37,0,30,0,14,0
BetAndRuinCI,net.bytebuddy.implementation,MethodDelegation.ImplementationDelegate.Compiled.ForMethodReturn,116,0,16,0,10,0,14,0,6,0
BetAndRuinCI,net.bytebuddy.implementation,EqualsMethod.SuperClassCheck,24,0,0,0,3,0,1,0,1,0
BetAndRuinCI,net.bytebuddy.implementation,MethodDelegation.WithCustomProperties,414,0,20,0,43,0,38,0,28,0
BetAndRuinCI,net.bytebuddy.implementation,InvokeDynamic.InvocationProvider.ArgumentProvider.ForInstance,158,0,12,0,16,0,12,0,6,0
BetAndRuinCI,net.bytebuddy.implementation,ExceptionMethod,130,0,12,0,17,0,16,0,10,0
BetAndRuinCI,net.bytebuddy.implementation,FieldAccessor.FieldNameExtractor.ForFixedValue,44,0,8,0,4,0,8,0,4,0
BetAndRuinCI,net.bytebuddy.implementation,ExceptionMethod.ConstructionDelegate.ForDefaultConstructor,90,0,10,0,8,0,9,0,4,0
BetAndRuinCI,net.bytebuddy.implementation,MethodCall.ArgumentLoader.ForMethodParameter.Factory,72,0,10,0,8,0,11,0,6,0
BetAndRuinCI,net.bytebuddy.implementation,ToStringMethod.PrefixResolver.Default,34,0,0,0,4,0,1,0,1,0
BetAndRuinCI,net.bytebuddy.implementation,EqualsMethod.NullValueGuard.UsingJump.AfterInstruction,124,0,14,0,16,0,12,0,5,0
BetAndRuinCI,net.bytebuddy.implementation,MethodCall.TargetHandler.ForMethodCall.Resolved,153,0,16,0,11,0,13,0,5,0
BetAndRuinCI,net.bytebuddy.implementation,MethodCall.TargetHandler.ForMethodParameter.Resolved,93,0,10,0,8,0,10,0,5,0
BetAndRuinCI,net.bytebuddy.implementation,MethodCall.TerminationHandler.FieldSetting,95,0,12,0,9,0,11,0,5,0
BetAndRuinCI,net.bytebuddy.implementation,FixedValue.ForThisValue.Appender,81,0,12,0,8,0,10,0,4,0
BetAndRuinCI,net.bytebuddy.implementation,MethodCall.TerminationHandler.FieldSetting.Implicit,103,0,14,0,12,0,11,0,4,0
BetAndRuinCI,net.bytebuddy.implementation,MethodCall.MethodInvoker.ForVirtualInvocation.Factory,68,0,10,0,6,0,9,0,4,0
BetAndRuinCI,net.bytebuddy.implementation,FieldAccessor.ForSetter.TerminationHandler,24,0,0,0,3,0,1,0,1,0
BetAndRuinCI,net.bytebuddy.implementation,MethodDelegation.ImplementationDelegate.Compiled.ForField,117,0,16,0,10,0,14,0,6,0
BetAndRuinCI,net.bytebuddy.implementation,InvokeDynamic.InvocationProvider.ArgumentProvider.Resolved.Simple,71,0,10,0,8,0,11,0,6,0
BetAndRuinCI,net.bytebuddy.implementation,MethodCall.ArgumentLoader.ForMethodParameterArray,146,0,16,0,18,0,12,0,4,0
BetAndRuinCI,net.bytebuddy.implementation,InvokeDynamic.InvocationProvider.ArgumentProvider.ForClassConstant,51,0,8,0,5,0,9,0,5,0
BetAndRuinCI,net.bytebuddy.implementation,FixedValue.ForValue,131,0,12,0,14,0,14,0,8,0
BetAndRuinCI,net.bytebuddy.implementation,Implementation.Context.Default.CacheValueField,47,0,2,0,10,0,7,0,6,0
BetAndRuinCI,net.bytebuddy.implementation,MethodCall.MethodInvoker.ForSuperMethodInvocation,91,0,12,0,11,0,10,0,4,0
BetAndRuinCI,net.bytebuddy.implementation,FixedValue.ForNullValue,52,0,2,0,8,0,5,0,4,0
BetAndRuinCI,net.bytebuddy.implementation,Implementation.Target.AbstractBase.DefaultMethodInvocation.new Implementation.Target.AbstractBase.DefaultMethodInvocation() {...},17,0,2,0,3,0,3,0,2,0
BetAndRuinCI,net.bytebuddy.implementation,Implementation.Target.AbstractBase.DefaultMethodInvocation.new Implementation.Target.AbstractBase.DefaultMethodInvocation() {...},8,0,0,0,2,0,2,0,2,0
BetAndRuinCI,net.bytebuddy.implementation,InvokeDynamic.WithImplicitType.OfInstance,79,0,2,0,10,0,4,0,3,0
BetAndRuinCI,net.bytebuddy.implementation,Implementation.Compound,142,0,18,0,23,0,15,0,6,0
BetAndRuinCI,net.bytebuddy.implementation,InvokeDynamic.WithImplicitType.OfField,64,0,0,0,8,0,3,0,3,0
BetAndRuinCI,net.bytebuddy.implementation,InvocationHandlerAdapter.ForInstance,116,0,10,0,11,0,13,0,8,0
BetAndRuinCI,net.bytebuddy.implementation,ToStringMethod.ValueConsumer.new ToStringMethod.ValueConsumer() {...},19,0,0,0,3,0,2,0,2,0
BetAndRuinCI,net.bytebuddy.implementation,ToStringMethod.ValueConsumer.new ToStringMethod.ValueConsumer() {...},19,0,0,0,3,0,2,0,2,0
BetAndRuinCI,net.bytebuddy.implementation,ToStringMethod.ValueConsumer.new ToStringMethod.ValueConsumer() {...},19,0,0,0,3,0,2,0,2,0
BetAndRuinCI,net.bytebuddy.implementation,ToStringMethod.ValueConsumer.new ToStringMethod.ValueConsumer() {...},19,0,0,0,3,0,2,0,2,0
BetAndRuinCI,net.bytebuddy.implementation,ToStringMethod.ValueConsumer.new ToStringMethod.ValueConsumer() {...},19,0,0,0,3,0,2,0,2,0
BetAndRuinCI,net.bytebuddy.implementation,ToStringMethod.ValueConsumer.new ToStringMethod.ValueConsumer() {...},19,0,0,0,3,0,2,0,2,0
BetAndRuinCI,net.bytebuddy.implementation,ToStringMethod.ValueConsumer.new ToStringMethod.ValueConsumer() {...},19,0,0,0,3,0,2,0,2,0
BetAndRuinCI,net.bytebuddy.implementation,ToStringMethod.ValueConsumer.new ToStringMethod.ValueConsumer() {...},19,0,0,0,3,0,2,0,2,0
BetAndRuinCI,net.bytebuddy.implementation,ToStringMethod.ValueConsumer.new ToStringMethod.ValueConsumer() {...},19,0,0,0,3,0,2,0,2,0
BetAndRuinCI,net.bytebuddy.implementation,MethodCall.MethodLocator.ForElementMatcher,124,0,14,0,11,0,11,0,4,0
BetAndRuinCI,net.bytebuddy.implementation,InvokeDynamic.InvocationProvider.ArgumentProvider.ForFloatConstant,52,0,8,0,5,0,9,0,5,0
BetAndRuinCI,net.bytebuddy.implementation,FieldAccessor.ForSetter,67,0,10,0,6,0,9,0,4,0
BetAndRuinCI,net.bytebuddy.implementation,InvocationHandlerAdapter,289,0,22,0,36,0,21,0,10,0
BetAndRuinCI,net.bytebuddy.implementation,MethodCall.ArgumentLoader.ForMethodParameter,112,0,12,0,11,0,10,0,4,0
BetAndRuinCI,net.bytebuddy.implementation,MethodDelegation.ImplementationDelegate.Compiled.ForStaticCall,48,0,8,0,6,0,10,0,6,0
BetAndRuinCI,net.bytebuddy.implementation,MethodDelegation.ImplementationDelegate.ForField.WithInstance,125,0,14,0,12,0,12,0,5,0
BetAndRuinCI,net.bytebuddy.implementation,MethodCall.TargetHandler.ForMethodCall,60,0,8,0,5,0,8,0,4,0
BetAndRuinCI,net.bytebuddy.implementation,HashCodeMethod.NullValueGuard.NoOp,21,0,0,0,5,0,4,0,4,0
BetAndRuinCI,net.bytebuddy.implementation,Implementation.Context.Disabled,76,0,0,0,11,0,9,0,9,0
BetAndRuinCI,net.bytebuddy.implementation,MethodDelegation.ImplementationDelegate.ForConstruction,98,0,12,0,11,0,12,0,6,0
BetAndRuinCI,net.bytebuddy.implementation,FixedValue.ForValue.StaticFieldByteCodeAppender,66,0,8,0,4,0,8,0,4,0
BetAndRuinCI,net.bytebuddy.implementation,MethodAccessorFactory.AccessType,37,0,0,0,7,0,3,0,3,0
BetAndRuinCI,net.bytebuddy.implementation,EqualsMethod.NullValueGuard.UsingJump,127,0,14,0,11,0,14,0,7,0
BetAndRuinCI,net.bytebuddy.implementation,MethodCall.TargetHandler.ForConstructingInvocation.Factory,22,0,0,0,4,0,3,0,3,0
BetAndRuinCI,net.bytebuddy.implementation,InvokeDynamic.InvocationProvider.ArgumentProvider.ForEnumerationValue,53,0,8,0,5,0,9,0,5,0
BetAndRuinCI,net.bytebuddy.implementation,InvokeDynamic.InvocationProvider.ArgumentProvider.ConstantPoolWrapper.new InvokeDynamic.InvocationProvider.ArgumentProvider.ConstantPoolWrapper() {...},17,0,0,0,2,0,2,0,2,0
BetAndRuinCI,net.bytebuddy.implementation,InvokeDynamic.InvocationProvider.ArgumentProvider.ConstantPoolWrapper.new InvokeDynamic.InvocationProvider.ArgumentProvider.ConstantPoolWrapper() {...},17,0,0,0,2,0,2,0,2,0
BetAndRuinCI,net.bytebuddy.implementation,InvokeDynamic.InvocationProvider.ArgumentProvider.ConstantPoolWrapper.new InvokeDynamic.InvocationProvider.ArgumentProvider.ConstantPoolWrapper() {...},17,0,0,0,2,0,2,0,2,0
BetAndRuinCI,net.bytebuddy.implementation,InvokeDynamic.InvocationProvider.ArgumentProvider.ConstantPoolWrapper.new InvokeDynamic.InvocationProvider.ArgumentProvider.ConstantPoolWrapper() {...},17,0,0,0,2,0,2,0,2,0
BetAndRuinCI,net.bytebuddy.implementation,InvokeDynamic.InvocationProvider.ArgumentProvider.ConstantPoolWrapper.new InvokeDynamic.InvocationProvider.ArgumentProvider.ConstantPoolWrapper() {...},17,0,0,0,2,0,2,0,2,0
BetAndRuinCI,net.bytebuddy.implementation,InvokeDynamic.InvocationProvider.ArgumentProvider.ConstantPoolWrapper.new InvokeDynamic.InvocationProvider.ArgumentProvider.ConstantPoolWrapper() {...},17,0,0,0,2,0,2,0,2,0
BetAndRuinCI,net.bytebuddy.implementation,InvokeDynamic.InvocationProvider.ArgumentProvider.ConstantPoolWrapper.new InvokeDynamic.InvocationProvider.ArgumentProvider.ConstantPoolWrapper() {...},17,0,0,0,2,0,2,0,2,0
BetAndRuinCI,net.bytebuddy.implementation,InvokeDynamic.InvocationProvider.ArgumentProvider.ConstantPoolWrapper.new InvokeDynamic.InvocationProvider.ArgumentProvider.ConstantPoolWrapper() {...},17,0,0,0,2,0,2,0,2,0
BetAndRuinCI,net.bytebuddy.implementation,MethodCall.MethodInvoker.ForVirtualInvocation.WithImplicitType,41,0,4,0,6,0,5,0,3,0
BetAndRuinCI,net.bytebuddy.implementation,StubMethod,51,0,0,0,11,0,6,0,6,0
BetAndRuinCI,net.bytebuddy.implementation,ToStringMethod.ValueConsumer.new ToStringMethod.ValueConsumer() {...},26,0,0,0,4,0,2,0,2,0
BetAndRuinCI,net.bytebuddy.implementation,ToStringMethod.ValueConsumer.new ToStringMethod.ValueConsumer() {...},26,0,0,0,4,0,2,0,2,0
BetAndRuinCI,net.bytebuddy.implementation,ToStringMethod.ValueConsumer.new ToStringMethod.ValueConsumer() {...},26,0,0,0,4,0,2,0,2,0
BetAndRuinCI,net.bytebuddy.implementation,ToStringMethod.ValueConsumer.new ToStringMethod.ValueConsumer() {...},26,0,0,0,4,0,2,0,2,0
BetAndRuinCI,net.bytebuddy.implementation,ToStringMethod.ValueConsumer.new ToStringMethod.ValueConsumer() {...},26,0,0,0,4,0,2,0,2,0
BetAndRuinCI,net.bytebuddy.implementation,ToStringMethod.ValueConsumer.new ToStringMethod.ValueConsumer() {...},26,0,0,0,4,0,2,0,2,0
BetAndRuinCI,net.bytebuddy.implementation,ToStringMethod.ValueConsumer.new ToStringMethod.ValueConsumer() {...},26,0,0,0,4,0,2,0,2,0
BetAndRuinCI,net.bytebuddy.implementation,DefaultMethodCall.Appender,207,0,22,0,33,0,16,0,5,0
BetAndRuinCI,net.bytebuddy.implementation,FieldAccessor.ForSetter.OfConstantValue,143,0,12,0,9,0,14,0,8,0
BetAndRuinCI,net.bytebuddy.implementation,EqualsMethod.NaturalOrderComparator,16,0,0,0,3,0,2,0,2,0
BetAndRuinCI,net.bytebuddy.implementation,FieldAccessor.ForSetter.Appender,211,0,26,0,19,0,17,0,4,0
BetAndRuinCI,net.bytebuddy.implementation,Implementation.Context.Disabled.Factory,35,0,2,0,5,0,3,0,2,0
BetAndRuinCI,net.bytebuddy.implementation,FixedValue,332,0,38,0,47,0,32,0,13,0
BetAndRuinCI,net.bytebuddy.implementation,MethodCall.MethodInvoker.ForDefaultMethodInvocation,96,0,12,0,11,0,10,0,4,0
BetAndRuinCI,net.bytebuddy.implementation,HashCodeMethod.ValueTransformer.new HashCodeMethod.ValueTransformer() {...},19,0,0,0,3,0,2,0,2,0
BetAndRuinCI,net.bytebuddy.implementation,HashCodeMethod.ValueTransformer.new HashCodeMethod.ValueTransformer() {...},19,0,0,0,3,0,2,0,2,0
BetAndRuinCI,net.bytebuddy.implementation,HashCodeMethod.ValueTransformer.new HashCodeMethod.ValueTransformer() {...},19,0,0,0,3,0,2,0,2,0
BetAndRuinCI,net.bytebuddy.implementation,HashCodeMethod.ValueTransformer.new HashCodeMethod.ValueTransformer() {...},19,0,0,0,3,0,2,0,2,0
BetAndRuinCI,net.bytebuddy.implementation,FieldAccessor,108,0,12,0,10,0,14,0,8,0
BetAndRuinCI,net.bytebuddy.implementation,EqualsMethod.NullValueGuard.UsingJump.BeforeInstruction,109,0,8,0,11,0,9,0,5,0
BetAndRuinCI,net.bytebuddy.implementation,InvokeDynamic.InvocationProvider.ArgumentProvider.ForStringConstant,53,0,8,0,5,0,9,0,5,0
BetAndRuinCI,net.bytebuddy.implementation,FieldAccessor.ForImplicitProperty,345,0,26,0,50,0,34,0,21,0
BetAndRuinCI,net.bytebuddy.implementation,Implementation.Context.Default,353,0,24,0,68,0,21,0,9,0
BetAndRuinCI,net.bytebuddy.implementation,MethodCall.TargetHandler.ForField.Location.ForExplicitField,72,0,12,0,6,0,10,0,4,0
BetAndRuinCI,net.bytebuddy.implementation,EqualsMethod.ValueComparator,397,0,36,0,47,0,21,0,3,0
BetAndRuinCI,net.bytebuddy.implementation,MethodCall.Appender,358,0,28,0,32,0,20,0,6,0
BetAndRuinCI,net.bytebuddy.implementation,MethodCall.ArgumentLoader.ForNullConstant,39,0,2,0,8,0,6,0,5,0
BetAndRuinCI,net.bytebuddy.implementation,InvokeDynamic.InvocationProvider.ReturnTypeProvider.ForExplicitType,44,0,8,0,4,0,8,0,4,0
BetAndRuinCI,net.bytebuddy.implementation,InvokeDynamic.InvocationProvider.ArgumentProvider.ForField.WithExplicitType,97,0,12,0,7,0,10,0,4,0
BetAndRuinCI,net.bytebuddy.implementation,ToStringMethod.ValueConsumer.new ToStringMethod.ValueConsumer() {...},26,0,0,0,4,0,2,0,2,0
BetAndRuinCI,net.bytebuddy.implementation,ToStringMethod.ValueConsumer.new ToStringMethod.ValueConsumer() {...},26,0,0,0,4,0,2,0,2,0
BetAndRuinCI,net.bytebuddy.implementation,ToStringMethod.ValueConsumer.new ToStringMethod.ValueConsumer() {...},26,0,0,0,4,0,2,0,2,0
BetAndRuinCI,net.bytebuddy.implementation,Implementation.Context.Default.Factory,23,0,0,0,3,0,2,0,2,0
BetAndRuinCI,net.bytebuddy.implementation,InvokeDynamic.InvocationProvider.ArgumentProvider.ForField,150,0,18,0,14,0,15,0,6,0
BetAndRuinCI,net.bytebuddy.implementation,Implementation.Target.AbstractBase,140,0,20,0,19,0,17,0,7,0
BetAndRuinCI,net.bytebuddy.implementation,DefaultMethodCall,136,0,14,0,21,0,18,0,11,0
BetAndRuinCI,net.bytebuddy.implementation,Implementation.Context.Default.FieldSetter,66,0,2,0,14,0,11,0,10,0
BetAndRuinCI,net.bytebuddy.implementation,InvokeDynamic.InvocationProvider.Target.Resolved.Simple,107,0,14,0,10,0,14,0,7,0
BetAndRuinCI,net.bytebuddy.implementation,MethodCall.ArgumentLoader.ForField.Factory,97,0,12,0,9,0,11,0,5,0
BetAndRuinCI,net.bytebuddy.implementation,FieldAccessor.FieldLocation.Absolute,99,0,14,0,10,0,13,0,6,0
BetAndRuinCI,net.bytebuddy.implementation,InvokeDynamic.InvocationProvider.ArgumentProvider.ForJavaConstant,55,0,8,0,5,0,9,0,5,0
BetAndRuinCI,net.bytebuddy.implementation,HashCodeMethod.NullValueGuard.UsingJump.BeforeInstruction,76,0,8,0,7,0,9,0,5,0
BetAndRuinCI,net.bytebuddy.implementation,MethodCall.ArgumentLoader.ForMethodParameter.OfInstrumentedMethod,48,0,2,0,9,0,5,0,4,0
BetAndRuinCI,net.bytebuddy.implementation,FieldAccessor.FieldLocation.Relative.Prepared,90,0,12,0,8,0,10,0,4,0
BetAndRuinCI,net.bytebuddy.implementation,MethodDelegation.ImplementationDelegate.ForField.WithLookup,85,0,12,0,8,0,11,0,5,0
BetAndRuinCI,net.bytebuddy.implementation,EqualsMethod.ConditionalReturn,144,0,12,0,23,0,20,0,14,0
BetAndRuinCI,net.bytebuddy.implementation,MethodCall.ArgumentLoader.ForStackManipulation,293,0,40,0,43,0,29,0,9,0
BetAndRuinCI,net.bytebuddy.implementation,InvokeDynamic.InvocationProvider.ArgumentProvider.ForDoubleConstant,57,0,8,0,5,0,9,0,5,0
BetAndRuinCI,net.bytebuddy.implementation,MethodCall.TargetHandler.ForField,132,0,16,0,13,0,14,0,6,0
BetAndRuinCI,net.bytebuddy.implementation,HashCodeMethod.ValueTransformer,241,0,36,0,46,0,21,0,3,0
BetAndRuinCI,net.bytebuddy.implementation,MethodCall.MethodInvoker.ForContextualInvocation,78,0,14,0,8,0,11,0,4,0
BetAndRuinCI,net.bytebuddy.implementation,Implementation.Context.Default.FieldGetterDelegation,116,0,12,0,13,0,12,0,6,0
BetAndRuinCI,net.bytebuddy.implementation,Implementation.Context.ExtractableView.AbstractBase,65,0,10,0,6,0,10,0,5,0
BetAndRuinCI,net.bytebuddy.implementation,InvokeDynamic.InvocationProvider.ArgumentProvider.ForCharacterConstant,50,0,8,0,5,0,9,0,5,0
BetAndRuinCI,net.bytebuddy.implementation,MethodCall.MethodInvoker.ForDefaultMethodInvocation.Factory,19,0,0,0,3,0,2,0,2,0
BetAndRuinCI,net.bytebuddy.implementation,InvokeDynamic.InvocationProvider.Default,168,0,14,0,22,0,18,0,11,0
BetAndRuinCI,net.bytebuddy.implementation,InvokeDynamic.InvocationProvider.ArgumentProvider.ForIntegerConstant,50,0,8,0,5,0,9,0,5,0
BetAndRuinCI,net.bytebuddy.implementation,HashCodeMethod.OffsetProvider.ForSuperMethodCall,49,0,2,0,6,0,3,0,2,0
BetAndRuinCI,net.bytebuddy.implementation,Implementation.Compound.Composable,210,0,22,0,30,0,19,0,8,0
BetAndRuinCI,net.bytebuddy.implementation,InvokeDynamic.TerminationHandler.new InvokeDynamic.TerminationHandler() {...},49,0,2,0,5,0,3,0,2,0
BetAndRuinCI,net.bytebuddy.implementation,InvokeDynamic.TerminationHandler.new InvokeDynamic.TerminationHandler() {...},16,0,2,0,4,0,3,0,2,0
BetAndRuinCI,net.bytebuddy.implementation,MethodCall.TargetHandler.ForField.Location.ForImplicitField,90,0,12,0,8,0,10,0,4,0
BetAndRuinCI,net.bytebuddy.implementation,FieldAccessor.ForSetter.OfDefaultValue,53,0,0,0,7,0,6,0,6,0
BetAndRuinCI,net.bytebuddy.implementation,EqualsMethod.NullValueGuard.NoOp,21,0,0,0,5,0,4,0,4,0
BetAndRuinCI,net.bytebuddy.implementation,MethodCall.ArgumentLoader.ForField.ArgumentProvider,49,0,8,0,4,0,8,0,4,0
BetAndRuinCI,net.bytebuddy.implementation,FieldAccessor.ForSetter.TerminationHandler.new FieldAccessor.ForSetter.TerminationHandler() {...},25,0,2,0,4,0,3,0,2,0
BetAndRuinCI,net.bytebuddy.implementation,FieldAccessor.ForSetter.TerminationHandler.new FieldAccessor.ForSetter.TerminationHandler() {...},8,0,0,0,2,0,2,0,2,0
BetAndRuinCI,net.bytebuddy.implementation,InvokeDynamic.TerminationHandler,24,0,0,0,3,0,1,0,1,0
BetAndRuinCI,net.bytebuddy.implementation,LoadedTypeInitializer.NoOp,17,0,0,0,4,0,3,0,3,0
BetAndRuinCI,net.bytebuddy.implementation,EqualsMethod.TypeCompatibilityCheck,34,0,0,0,7,0,1,0,1,0
BetAndRuinCI,net.bytebuddy.implementation,MethodCall.MethodLocator.ForInstrumentedMethod,18,0,0,0,4,0,3,0,3,0
BetAndRuinCI,net.bytebuddy.implementation,MethodCall.MethodInvoker.ForVirtualInvocation,69,0,10,0,6,0,9,0,4,0
BetAndRuinCI,net.bytebuddy.implementation,Implementation.Context.Default.FieldGetter,63,0,2,0,14,0,11,0,10,0
BetAndRuinCI,net.bytebuddy.implementation,FieldAccessor.FieldNameExtractor.ForBeanProperty,80,0,8,0,12,0,6,0,2,0
BetAndRuinCI,net.bytebuddy.implementation,MethodCall.ArgumentLoader.ForInstrumentedType.Factory,22,0,0,0,4,0,3,0,3,0
BetAndRuinCI,net.bytebuddy.implementation,MethodCall.ArgumentLoader.ForMethodParameterArrayElement.OfInvokedMethod,121,0,14,0,13,0,13,0,6,0
BetAndRuinCI,net.bytebuddy.implementation,MethodCall.ArgumentLoader.ForInstance.Factory,86,0,8,0,9,0,9,0,5,0
BetAndRuinCI,net.bytebuddy.implementation,FieldAccessor.ForImplicitProperty.Appender,274,0,30,0,26,0,19,0,4,0
BetAndRuinCI,net.bytebuddy.implementation,InvokeDynamic.InvocationProvider.NameProvider.ForExplicitName,44,0,8,0,4,0,8,0,4,0
BetAndRuinCI,net.bytebuddy.implementation,MethodCall.ArgumentLoader.ForMethodCall.Factory,60,0,8,0,5,0,9,0,5,0
BetAndRuinCI,net.bytebuddy.implementation,MethodDelegation.ImplementationDelegate.ForMethodReturn,225,0,20,0,25,0,15,0,5,0
BetAndRuinCI,net.bytebuddy.implementation,Implementation.Target.AbstractBase.DefaultMethodInvocation,32,0,2,0,4,0,3,0,2,0
BetAndRuinCI,net.bytebuddy.implementation,EqualsMethod,310,0,18,0,36,0,26,0,17,0
BetAndRuinCI,net.bytebuddy.implementation,FieldAccessor.ForSetter.OfFieldValue,160,0,16,0,15,0,16,0,8,0
BetAndRuinCI,net.bytebuddy.implementation,MethodDelegation.ImplementationDelegate.ForStaticMethod,77,0,10,0,10,0,11,0,6,0
BetAndRuinCI,net.bytebuddy.implementation,MethodCall.ArgumentLoader.ForField,141,0,18,0,14,0,13,0,4,0
BetAndRuinCI,net.bytebuddy.implementation,MethodCall.ArgumentLoader.ForMethodCall.ArgumentProvider,61,0,8,0,6,0,8,0,4,0
BetAndRuinCI,org.objenesis.instantiator.gcj,GCJSerializationInstantiator,33,0,0,0,6,0,2,0,2,0
BetAndRuinCI,org.objenesis.instantiator.gcj,GCJInstantiator,28,0,0,0,5,0,2,0,2,0
BetAndRuinCI,org.objenesis.instantiator.gcj,GCJInstantiatorBase,41,0,2,0,13,0,4,0,3,0
BetAndRuinCI,org.objenesis.instantiator.gcj,GCJInstantiatorBase.DummyStream,3,0,0,0,2,0,1,0,1,0
BetAndRuinCI,javax.persistence,NonUniqueResultException,7,0,0,0,4,0,2,0,2,0
BetAndRuinCI,javax.persistence,OptimisticLockException,33,0,0,0,15,0,7,0,7,0
BetAndRuinCI,javax.persistence,CacheStoreMode,34,0,0,0,4,0,1,0,1,0
BetAndRuinCI,javax.persistence,PersistenceException,16,0,0,0,8,0,4,0,4,0
BetAndRuinCI,javax.persistence,TemporalType,34,0,0,0,4,0,1,0,1,0
BetAndRuinCI,javax.persistence,TransactionRequiredException,7,0,0,0,4,0,2,0,2,0
BetAndRuinCI,javax.persistence,SharedCacheMode,54,0,0,0,6,0,1,0,1,0
BetAndRuinCI,javax.persistence,FetchType,24,0,0,0,3,0,1,0,1,0
BetAndRuinCI,javax.persistence,LockTimeoutException,33,0,0,0,15,0,7,0,7,0
BetAndRuinCI,javax.persistence,ParameterMode,44,0,0,0,5,0,1,0,1,0
BetAndRuinCI,javax.persistence,InheritanceType,34,0,0,0,4,0,1,0,1,0
BetAndRuinCI,javax.persistence,CascadeType,64,0,0,0,7,0,1,0,1,0
BetAndRuinCI,javax.persistence,SynchronizationType,24,0,0,0,3,0,1,0,1,0
BetAndRuinCI,javax.persistence,ValidationMode,34,0,0,0,4,0,1,0,1,0
BetAndRuinCI,javax.persistence,QueryTimeoutException,33,0,0,0,15,0,7,0,7,0
BetAndRuinCI,javax.persistence,Persistence,92,0,10,0,22,0,11,0,6,0
BetAndRuinCI,javax.persistence,PersistenceContextType,24,0,0,0,3,0,1,0,1,0
BetAndRuinCI,javax.persistence,DiscriminatorType,34,0,0,0,4,0,1,0,1,0
BetAndRuinCI,javax.persistence,FlushModeType,24,0,0,0,3,0,1,0,1,0
BetAndRuinCI,javax.persistence,EntityExistsException,16,0,0,0,8,0,4,0,4,0
BetAndRuinCI,javax.persistence,GenerationType,44,0,0,0,5,0,1,0,1,0
BetAndRuinCI,javax.persistence,PessimisticLockScope,24,0,0,0,3,0,1,0,1,0
BetAndRuinCI,javax.persistence,EntityNotFoundException,7,0,0,0,4,0,2,0,2,0
BetAndRuinCI,javax.persistence,ConstraintMode,34,0,0,0,4,0,1,0,1,0
BetAndRuinCI,javax.persistence,NoResultException,7,0,0,0,4,0,2,0,2,0
BetAndRuinCI,javax.persistence,LockModeType,84,0,0,0,9,0,1,0,1,0
BetAndRuinCI,javax.persistence,RollbackException,16,0,0,0,8,0,4,0,4,0
BetAndRuinCI,javax.persistence,AccessType,24,0,0,0,3,0,1,0,1,0
BetAndRuinCI,javax.persistence,CacheRetrieveMode,24,0,0,0,3,0,1,0,1,0
BetAndRuinCI,javax.persistence,Persistence.PersistenceUtilImpl,97,0,18,0,28,0,12,0,3,0
BetAndRuinCI,javax.persistence,PessimisticLockException,33,0,0,0,15,0,7,0,7,0
BetAndRuinCI,javax.persistence,EnumType,24,0,0,0,3,0,1,0,1,0
BetAndRuinCI,org.objenesis.tck.features,ExtendsNotSerializableParentClass.ExtendsNotSerializable,15,0,0,0,3,0,1,0,1,0
BetAndRuinCI,org.objenesis.tck.features,NotSerializableClass,13,0,0,0,6,0,2,0,2,0
BetAndRuinCI,org.objenesis.tck.features,AbstractFeature,10,0,0,0,4,0,2,0,2,0
BetAndRuinCI,org.objenesis.tck.features,SerializableClass.IsSerializable,15,0,0,0,3,0,1,0,1,0
BetAndRuinCI,org.objenesis.tck.features,ReadExternalNotCalled,10,0,0,0,3,0,2,0,2,0
BetAndRuinCI,org.objenesis.tck.features,ReadObjectNotCalled,10,0,0,0,3,0,2,0,2,0
BetAndRuinCI,org.objenesis.tck.features,ExtendsSerializableClass.ExtendsSerializable,15,0,0,0,3,0,1,0,1,0
BetAndRuinCI,org.objenesis.tck.features,ExtendsSerializableClass,10,0,0,0,3,0,2,0,2,0
BetAndRuinCI,org.objenesis.tck.features,ReadObjectNotCalled.ReadObjectAndAll,19,0,0,0,7,0,4,0,4,0
BetAndRuinCI,org.objenesis.tck.features,SerializableClass,10,0,0,0,3,0,2,0,2,0
BetAndRuinCI,org.objenesis.tck.features,ReadExternalNotCalled.ReadExternalAndAll,13,0,0,0,5,0,3,0,3,0
BetAndRuinCI,org.objenesis.tck.features,ExtendsNotSerializableParentClass,30,0,4,0,3,0,4,0,2,0
BetAndRuinCI,org.objenesis.tck.features,NotSerializableClass.NotSerializable,15,0,0,0,3,0,1,0,1,0
BetAndRuinCI,javax.transaction,HeuristicCommitException,7,0,0,0,4,0,2,0,2,0
BetAndRuinCI,javax.transaction,TransactionRequiredException,7,0,0,0,4,0,2,0,2,0
BetAndRuinCI,javax.transaction,NotSupportedException,7,0,0,0,4,0,2,0,2,0
BetAndRuinCI,javax.transaction,HeuristicMixedException,7,0,0,0,4,0,2,0,2,0
BetAndRuinCI,javax.transaction,SystemException,13,0,0,0,7,0,3,0,3,0
BetAndRuinCI,javax.transaction,TransactionRolledbackException,7,0,0,0,4,0,2,0,2,0
BetAndRuinCI,javax.transaction,HeuristicRollbackException,7,0,0,0,4,0,2,0,2,0
BetAndRuinCI,javax.transaction,RollbackException,7,0,0,0,4,0,2,0,2,0
BetAndRuinCI,javax.transaction,InvalidTransactionException,7,0,0,0,4,0,2,0,2,0
BetAndRuinCI,javax.jdo.datastore,DataStoreCache.EmptyDataStoreCache,19,0,0,0,18,0,17,0,17,0
BetAndRuinCI,net.bytebuddy.utility.visitor,StackAwareMethodVisitor,682,0,67,0,153,0,62,0,23,0
BetAndRuinCI,net.bytebuddy.utility.visitor,LocalVariableAwareMethodVisitor,36,0,3,0,10,0,5,0,3,0
BetAndRuinCI,net.bytebuddy.utility.visitor,MetadataAwareClassVisitor,203,0,6,0,73,0,27,0,24,0
BetAndRuinCI,net.bytebuddy.utility.visitor,ExceptionTableSensitiveMethodVisitor,215,0,2,0,82,0,33,0,32,0
BetAndRuinCI,net.bytebuddy.utility.visitor,LineNumberPrependingMethodVisitor,32,0,2,0,11,0,4,0,3,0
BetAndRuinCI,com.objectdb.jpa,Provider,252,0,38,0,77,0,33,0,14,0
BetAndRuinCI,com.objectdb.jpa,EMF,371,0,38,0,110,0,39,0,20,0
BetAndRuinCI,com.objectdb.jpa,ObjectdbJpaVendorAdapter,63,0,0,0,18,0,9,0,9,0
BetAndRuinCI,com.objectdb.jpa,MetamodelImpl,347,0,31,0,88,0,28,0,12,0
BetAndRuinCI,com.objectdb.jpa,EMImpl,968,0,82,0,304,0,106,0,65,0
BetAndRuinCI,com.objectdb.jpa,JpaQuery,717,0,66,0,166,0,73,0,40,0
BetAndRuinCI,net.bytebuddy.description.modifier,ParameterManifestation,53,0,4,0,10,0,8,0,6,0
BetAndRuinCI,net.bytebuddy.description.modifier,Visibility,143,0,23,0,21,0,23,0,10,0
BetAndRuinCI,net.bytebuddy.description.modifier,MethodArguments,53,0,4,0,10,0,8,0,6,0
BetAndRuinCI,net.bytebuddy.description.modifier,SynchronizationState,53,0,4,0,10,0,8,0,6,0
BetAndRuinCI,net.bytebuddy.description.modifier,EnumerationState,53,0,4,0,10,0,8,0,6,0
BetAndRuinCI,net.bytebuddy.description.modifier,ModifierContributor.Resolver,90,0,10,0,13,0,15,0,10,0
BetAndRuinCI,net.bytebuddy.description.modifier,Ownership,53,0,4,0,10,0,8,0,6,0
BetAndRuinCI,net.bytebuddy.description.modifier,MethodStrictness,53,0,4,0,10,0,8,0,6,0
BetAndRuinCI,net.bytebuddy.description.modifier,FieldManifestation,85,0,10,0,13,0,13,0,8,0
BetAndRuinCI,net.bytebuddy.description.modifier,SyntheticState,53,0,4,0,10,0,8,0,6,0
BetAndRuinCI,net.bytebuddy.description.modifier,MethodManifestation,137,0,10,0,18,0,14,0,9,0
BetAndRuinCI,net.bytebuddy.description.modifier,ProvisioningState,53,0,4,0,10,0,8,0,6,0
BetAndRuinCI,net.bytebuddy.description.modifier,FieldPersistence,55,0,4,0,10,0,8,0,6,0
BetAndRuinCI,net.bytebuddy.description.modifier,TypeManifestation,118,0,12,0,16,0,15,0,9,0
BetAndRuinCI,org.objenesis.tck.candidates,SerializableDefaultPublicConstructor,3,0,0,0,2,0,1,0,1,0
BetAndRuinCI,org.objenesis.tck.candidates,ConstructorWithMandatoryArguments,10,0,2,0,4,0,2,0,1,0
BetAndRuinCI,org.objenesis.tck.candidates,SerializableNoConstructor,3,0,0,0,1,0,1,0,1,0
BetAndRuinCI,org.objenesis.tck.candidates,DefaultPackageConstructor,3,0,0,0,2,0,1,0,1,0
BetAndRuinCI,org.objenesis.tck.candidates,DefaultPublicConstructor,3,0,0,0,2,0,1,0,1,0
BetAndRuinCI,org.objenesis.tck.candidates,SerializableDefaultPackageConstructor,3,0,0,0,2,0,1,0,1,0
BetAndRuinCI,org.objenesis.tck.candidates,ConstructorThrowingException,7,0,0,0,2,0,1,0,1,0
BetAndRuinCI,org.objenesis.tck.candidates,SerializableWithAncestorThrowingException,3,0,0,0,2,0,1,0,1,0
BetAndRuinCI,org.objenesis.tck.candidates,SerializableConstructorWithArguments,20,0,0,0,5,0,2,0,2,0
BetAndRuinCI,org.objenesis.tck.candidates,SerializableConstructorWithMandatoryArguments,10,0,2,0,4,0,2,0,1,0
BetAndRuinCI,org.objenesis.tck.candidates,SerializableConstructorThrowingException,7,0,0,0,2,0,1,0,1,0
BetAndRuinCI,org.objenesis.tck.candidates,SerializableDefaultProtectedConstructor,3,0,0,0,2,0,1,0,1,0
BetAndRuinCI,org.objenesis.tck.candidates,ConstructorWithArguments,20,0,0,0,5,0,2,0,2,0
BetAndRuinCI,org.objenesis.tck.candidates,SerializableReplacer,7,0,0,0,2,0,2,0,2,0
BetAndRuinCI,org.objenesis.tck.candidates,NoConstructor,3,0,0,0,1,0,1,0,1,0
BetAndRuinCI,org.objenesis.tck.candidates,SerializableResolver,7,0,0,0,2,0,2,0,2,0
BetAndRuinCI,org.objenesis.tck.candidates,DefaultProtectedConstructor,3,0,0,0,2,0,1,0,1,0
BetAndRuinCI,net.bytebuddy.dynamic.scaffold.subclass,ConstructorStrategy.Default.WithMethodAttributeAppenderFactory,71,0,10,0,6,0,10,0,5,0
BetAndRuinCI,net.bytebuddy.dynamic.scaffold.subclass,ConstructorStrategy.Default.new ConstructorStrategy.Default() {...},42,0,2,0,7,0,5,0,4,0
BetAndRuinCI,net.bytebuddy.dynamic.scaffold.subclass,ConstructorStrategy.Default.new ConstructorStrategy.Default() {...},39,0,2,0,6,0,4,0,3,0
BetAndRuinCI,net.bytebuddy.dynamic.scaffold.subclass,ConstructorStrategy.Default.new ConstructorStrategy.Default() {...},40,0,2,0,6,0,4,0,3,0
BetAndRuinCI,net.bytebuddy.dynamic.scaffold.subclass,ConstructorStrategy.Default.new ConstructorStrategy.Default() {...},65,0,4,0,9,0,5,0,3,0
BetAndRuinCI,net.bytebuddy.dynamic.scaffold.subclass,ConstructorStrategy.Default.new ConstructorStrategy.Default() {...},10,0,0,0,3,0,3,0,3,0
BetAndRuinCI,net.bytebuddy.dynamic.scaffold.subclass,SubclassImplementationTarget,126,0,18,0,15,0,16,0,7,0
BetAndRuinCI,net.bytebuddy.dynamic.scaffold.subclass,SubclassDynamicTypeBuilder,198,0,14,0,20,0,15,0,8,0
BetAndRuinCI,net.bytebuddy.dynamic.scaffold.subclass,SubclassImplementationTarget.OriginTypeResolver.new SubclassImplementationTarget.OriginTypeResolver() {...},9,0,0,0,2,0,2,0,2,0
BetAndRuinCI,net.bytebuddy.dynamic.scaffold.subclass,SubclassImplementationTarget.OriginTypeResolver.new SubclassImplementationTarget.OriginTypeResolver() {...},8,0,0,0,2,0,2,0,2,0
BetAndRuinCI,net.bytebuddy.dynamic.scaffold.subclass,SubclassImplementationTarget.Factory,44,0,0,0,7,0,3,0,3,0
BetAndRuinCI,net.bytebuddy.dynamic.scaffold.subclass,SubclassImplementationTarget.OriginTypeResolver,24,0,0,0,3,0,1,0,1,0
BetAndRuinCI,net.bytebuddy.dynamic.scaffold.subclass,ConstructorStrategy.ForDefaultConstructor,196,0,20,0,26,0,18,0,8,0
BetAndRuinCI,net.bytebuddy.dynamic.scaffold.subclass,SubclassDynamicTypeBuilder.InstrumentableMatcher,58,0,8,0,7,0,8,0,4,0
BetAndRuinCI,net.bytebuddy.dynamic.scaffold.subclass,ConstructorStrategy.Default,121,0,2,0,22,0,7,0,6,0
BetAndRuinCI,org.objenesis.instantiator.perc,PercInstantiator,59,0,0,0,12,0,2,0,2,0
BetAndRuinCI,org.objenesis.instantiator.perc,PercSerializationInstantiator,119,0,2,0,20,0,3,0,2,0
BetAndRuinCI,com.toedter.calendar,MinMaxDateEvaluator,49,0,2,0,0,0,14,0,13,0
BetAndRuinCI,com.toedter.calendar,JMonthChooser,378,0,48,0,0,0,43,0,19,0
BetAndRuinCI,com.toedter.calendar,JYearChooserBeanInfo,5,0,0,0,0,0,1,0,1,0
BetAndRuinCI,com.toedter.calendar,JDateChooserCellEditor,27,0,2,0,0,0,4,0,3,0
BetAndRuinCI,com.toedter.calendar,DateUtil,179,0,14,0,0,0,14,0,7,0
BetAndRuinCI,com.toedter.calendar,JDayChooserBeanInfo,5,0,0,0,0,0,1,0,1,0
BetAndRuinCI,com.toedter.calendar,JCalendarBeanInfo,5,0,0,0,0,0,1,0,1,0
BetAndRuinCI,com.toedter.calendar,JDateChooser,504,0,32,0,0,0,48,0,32,0
BetAndRuinCI,com.toedter.calendar,JDayChooser.DecoratorButton,66,0,6,0,0,0,7,0,4,0
BetAndRuinCI,com.toedter.calendar,JSpinnerDateEditor,249,0,16,0,0,0,25,0,17,0
BetAndRuinCI,com.toedter.calendar,JDateChooserBeanInfo,5,0,0,0,0,0,1,0,1,0
BetAndRuinCI,com.toedter.calendar,JCalendar.new ActionListener() {...},14,0,0,0,0,0,2,0,2,0
BetAndRuinCI,com.toedter.calendar,JCalendar.new ActionListener() {...},13,0,0,0,0,0,2,0,2,0
BetAndRuinCI,com.toedter.calendar,JDayChooser.new JButton() {...},34,0,4,0,0,0,4,0,2,0
BetAndRuinCI,com.toedter.calendar,JDayChooser,1486,0,134,0,0,0,118,0,51,0
BetAndRuinCI,com.toedter.calendar,JDateChooser.new JButton() {...},9,0,0,0,0,0,2,0,2,0
BetAndRuinCI,com.toedter.calendar,JDateChooser.new JPopupMenu() {...},30,0,12,0,0,0,8,0,2,0
BetAndRuinCI,com.toedter.calendar,JDateChooser.new ChangeListener() {...},66,0,8,0,0,0,6,0,2,0
BetAndRuinCI,com.toedter.calendar,JCalendar,875,0,64,0,0,0,86,0,54,0
BetAndRuinCI,com.toedter.calendar,JYearChooser,102,0,2,0,0,0,11,0,10,0
BetAndRuinCI,com.toedter.calendar,JMonthChooser.new JSpinner() {...},24,0,0,0,0,0,2,0,2,0
BetAndRuinCI,com.toedter.calendar,JMonthChooserBeanInfo,5,0,0,0,0,0,1,0,1,0
BetAndRuinCI,com.toedter.calendar,JTextFieldDateEditor,507,0,40,0,0,0,46,0,26,0
BetAndRuinCI,net.bytebuddy.jar.asm.signature,SignatureWriter,240,0,16,0,67,0,28,0,20,0
BetAndRuinCI,net.bytebuddy.jar.asm.signature,SignatureReader,280,0,44,0,76,0,28,0,4,0
BetAndRuinCI,net.bytebuddy.jar.asm.signature,SignatureVisitor,55,0,8,0,21,0,21,0,17,0
BetAndRuinCI,net.bytebuddy.dynamic.loading,ClassInjector.AbstractBase,58,0,4,0,11,0,4,0,2,0
BetAndRuinCI,net.bytebuddy.dynamic.loading,ClassInjector.UsingReflection.Dispatcher.UsingUnsafeOverride,543,0,6,0,75,0,11,0,8,0
BetAndRuinCI,net.bytebuddy.dynamic.loading,ClassInjector.UsingLookup,187,0,20,0,24,0,20,0,10,0
BetAndRuinCI,net.bytebuddy.dynamic.loading,ClassLoadingStrategy.Default.InjectionDispatcher,139,0,20,0,13,0,19,0,9,0
BetAndRuinCI,net.bytebuddy.dynamic.loading,ByteArrayClassLoader.PackageLookupStrategy.ForLegacyVm,18,0,0,0,3,0,2,0,2,0
BetAndRuinCI,net.bytebuddy.dynamic.loading,ClassInjector.UsingUnsafe,220,0,32,0,27,0,28,0,12,0
BetAndRuinCI,net.bytebuddy.dynamic.loading,ClassInjector.UsingReflection.Dispatcher.UsingUnsafeOverride.ForJava7CapableVm,71,0,8,0,8,0,8,0,4,0
BetAndRuinCI,net.bytebuddy.dynamic.loading,ClassInjector.UsingInstrumentation.Dispatcher.ForJava6CapableVm,117,0,10,0,19,0,11,0,6,0
BetAndRuinCI,net.bytebuddy.dynamic.loading,ClassInjector.UsingReflection.Dispatcher.Initializable.Unavailable,93,0,8,0,12,0,14,0,10,0
BetAndRuinCI,net.bytebuddy.dynamic.loading,ByteArrayClassLoader.PersistenceHandler.UrlDefinitionAction.ByteArrayUrlStreamHandler,51,0,8,0,4,0,8,0,4,0
BetAndRuinCI,net.bytebuddy.dynamic.loading,ByteArrayClassLoader.PersistenceHandler,37,0,0,0,7,0,3,0,3,0
BetAndRuinCI,net.bytebuddy.dynamic.loading,ByteArrayClassLoader.PackageLookupStrategy.ForJava9CapableVm,84,0,8,0,8,0,8,0,4,0
BetAndRuinCI,net.bytebuddy.dynamic.loading,ClassInjector.UsingInstrumentation.Dispatcher.CreationAction,39,0,0,0,6,0,2,0,2,0
BetAndRuinCI,net.bytebuddy.dynamic.loading,MultipleParentClassLoader,146,0,12,0,32,0,13,0,7,0
BetAndRuinCI,net.bytebuddy.dynamic.loading,ClassLoadingStrategy.ForUnsafeInjection,70,0,16,0,6,0,13,0,5,0
BetAndRuinCI,net.bytebuddy.dynamic.loading,ClassInjector.UsingReflection,298,0,38,0,46,0,29,0,10,0
BetAndRuinCI,net.bytebuddy.dynamic.loading,ByteArrayClassLoader.SingletonEnumeration,28,0,4,0,8,0,5,0,3,0
BetAndRuinCI,net.bytebuddy.dynamic.loading,ClassReloadingStrategy.Dispatcher.ForLegacyVm,41,0,6,0,9,0,8,0,5,0
BetAndRuinCI,net.bytebuddy.dynamic.loading,ClassInjector.UsingReflection.Dispatcher.Direct,424,0,18,0,53,0,19,0,10,0
BetAndRuinCI,net.bytebuddy.dynamic.loading,MultipleParentClassLoader.CompoundEnumeration,43,0,8,0,12,0,7,0,3,0
BetAndRuinCI,net.bytebuddy.dynamic.loading,ByteArrayClassLoader.EmptyEnumeration,20,0,0,0,4,0,3,0,3,0
BetAndRuinCI,net.bytebuddy.dynamic.loading,ClassReloadingStrategy.Strategy.ClassRedefinitionTransformer,42,0,6,0,12,0,6,0,3,0
BetAndRuinCI,net.bytebuddy.dynamic.loading,ClassInjector.UsingLookup.Dispatcher.Creator,57,0,0,0,9,0,2,0,2,0
BetAndRuinCI,net.bytebuddy.dynamic.loading,ClassInjector.UsingReflection.Dispatcher.Unavailable,89,0,8,0,10,0,12,0,8,0
BetAndRuinCI,net.bytebuddy.dynamic.loading,PackageDefinitionStrategy.ManifestReading.SealBaseLocator.NonSealing,16,0,0,0,3,0,2,0,2,0
BetAndRuinCI,net.bytebuddy.dynamic.loading,ClassLoadingStrategy,5,0,0,0,2,0,1,0,1,0
BetAndRuinCI,net.bytebuddy.dynamic.loading,ClassInjector.UsingReflection.Dispatcher,3,0,0,0,1,0,1,0,1,0
BetAndRuinCI,net.bytebuddy.dynamic.loading,PackageDefinitionStrategy.Definition.Trivial,36,0,0,0,13,0,10,0,10,0
BetAndRuinCI,net.bytebuddy.dynamic.loading,ClassReloadingStrategy.Strategy,39,0,0,0,8,0,3,0,3,0
BetAndRuinCI,net.bytebuddy.dynamic.loading,ClassInjector.UsingInstrumentation,255,0,22,0,31,0,19,0,8,0
BetAndRuinCI,net.bytebuddy.dynamic.loading,ByteArrayClassLoader.ChildFirst.PrependingEnumeration,42,0,8,0,9,0,7,0,3,0
BetAndRuinCI,net.bytebuddy.dynamic.loading,ByteArrayClassLoader.SynchronizationStrategy.CreationAction,132,0,4,0,14,0,4,0,2,0
BetAndRuinCI,net.bytebuddy.dynamic.loading,PackageDefinitionStrategy.Definition.Simple,263,0,66,0,40,0,45,0,12,0
BetAndRuinCI,net.bytebuddy.dynamic.loading,PackageDefinitionStrategy.Trivial,16,0,0,0,3,0,2,0,2,0
BetAndRuinCI,net.bytebuddy.dynamic.loading,InjectionClassLoader,31,0,2,0,8,0,5,0,4,0
BetAndRuinCI,net.bytebuddy.dynamic.loading,ByteArrayClassLoader.SynchronizationStrategy.ForLegacyVm,18,0,0,0,4,0,3,0,3,0
BetAndRuinCI,net.bytebuddy.dynamic.loading,ClassInjector.UsingInstrumentation.Target,37,0,0,0,7,0,3,0,3,0
BetAndRuinCI,net.bytebuddy.dynamic.loading,ClassInjector.UsingLookup.Dispatcher.ForJava9CapableVm,205,0,14,0,28,0,16,0,9,0
BetAndRuinCI,net.bytebuddy.dynamic.loading,ClassInjector.UsingReflection.Dispatcher.Direct.ForLegacyVm,9,0,0,0,3,0,2,0,2,0
BetAndRuinCI,net.bytebuddy.dynamic.loading,NoOpClassFileTransformer,18,0,0,0,4,0,2,0,2,0
BetAndRuinCI,net.bytebuddy.dynamic.loading,PackageDefinitionStrategy.ManifestReading.SealBaseLocator.ForFixedValue,36,0,6,0,11,0,7,0,4,0
BetAndRuinCI,net.bytebuddy.dynamic.loading,PackageDefinitionStrategy.ManifestReading,218,0,22,0,33,0,17,0,6,0
BetAndRuinCI,net.bytebuddy.dynamic.loading,ClassInjector,6,0,0,0,1,0,1,0,1,0
BetAndRuinCI,net.bytebuddy.dynamic.loading,ClassInjector.UsingUnsafe.Dispatcher.Unavailable,69,0,8,0,6,0,10,0,6,0
BetAndRuinCI,net.bytebuddy.dynamic.loading,ClassInjector.UsingInstrumentation.Dispatcher.ForLegacyVm,26,0,0,0,5,0,4,0,4,0
BetAndRuinCI,net.bytebuddy.dynamic.loading,MultipleParentClassLoader.Builder,356,0,48,0,62,0,41,0,17,0
BetAndRuinCI,net.bytebuddy.dynamic.loading,ClassReloadingStrategy.Dispatcher.ForJava6CapableVm,136,0,2,0,33,0,6,0,5,0
BetAndRuinCI,net.bytebuddy.dynamic.loading,ClassInjector.UsingLookup.Dispatcher.ForLegacyVm,36,0,0,0,7,0,6,0,6,0
BetAndRuinCI,net.bytebuddy.dynamic.loading,ByteArrayClassLoader.SynchronizationStrategy.ForJava8CapableVm,141,0,12,0,11,0,11,0,5,0
BetAndRuinCI,net.bytebuddy.dynamic.loading,ClassReloadingStrategy,438,0,34,0,71,0,30,0,13,0
BetAndRuinCI,net.bytebuddy.dynamic.loading,ClassInjector.UsingUnsafe.Dispatcher.CreationAction,246,0,2,0,38,0,3,0,2,0
BetAndRuinCI,net.bytebuddy.dynamic.loading,ClassReloadingStrategy.BootstrapInjection.Enabled,47,0,8,0,4,0,8,0,4,0
BetAndRuinCI,net.bytebuddy.dynamic.loading,ByteArrayClassLoader.PersistenceHandler.UrlDefinitionAction.ByteArrayUrlStreamHandler.ByteArrayUrlConnection,16,0,0,0,7,0,3,0,3,0
BetAndRuinCI,net.bytebuddy.dynamic.loading,ClassInjector.UsingUnsafe.Factory,270,0,18,0,59,0,19,0,10,0
BetAndRuinCI,net.bytebuddy.dynamic.loading,PackageDefinitionStrategy.Definition.Undefined,56,0,0,0,11,0,10,0,10,0
BetAndRuinCI,net.bytebuddy.dynamic.loading,ByteArrayClassLoader.PersistenceHandler.UrlDefinitionAction,100,0,10,0,10,0,9,0,4,0
BetAndRuinCI,net.bytebuddy.dynamic.loading,ByteArrayClassLoader.PackageLookupStrategy.CreationAction,34,0,2,0,7,0,3,0,2,0
BetAndRuinCI,net.bytebuddy.dynamic.loading,ClassReloadingStrategy.Strategy.ClassResettingTransformer,16,0,0,0,3,0,2,0,2,0
BetAndRuinCI,net.bytebuddy.dynamic.loading,ClassInjector.UsingReflection.Dispatcher.CreationAction,39,0,4,0,11,0,4,0,2,0
BetAndRuinCI,net.bytebuddy.dynamic.loading,ClassReloadingStrategy.BootstrapInjection.Disabled,19,0,0,0,3,0,2,0,2,0
BetAndRuinCI,net.bytebuddy.dynamic.loading,ByteArrayClassLoader.SynchronizationStrategy.ForJava7CapableVm,97,0,8,0,12,0,9,0,5,0
BetAndRuinCI,net.bytebuddy.dynamic.loading,ClassReloadingStrategy.Strategy.new ClassReloadingStrategy.Strategy() {...},68,0,4,0,12,0,6,0,4,0
BetAndRuinCI,net.bytebuddy.dynamic.loading,ClassReloadingStrategy.Strategy.new ClassReloadingStrategy.Strategy() {...},104,0,6,0,20,0,7,0,4,0
BetAndRuinCI,net.bytebuddy.dynamic.loading,ByteArrayClassLoader.ClassDefinitionAction,163,0,20,0,22,0,14,0,4,0
BetAndRuinCI,net.bytebuddy.dynamic.loading,ClassLoadingStrategy.Default,109,0,0,0,14,0,7,0,7,0
BetAndRuinCI,net.bytebuddy.dynamic.loading,ClassLoadingStrategy.ForBootstrapInjection,77,0,12,0,7,0,10,0,4,0
BetAndRuinCI,net.bytebuddy.dynamic.loading,ClassInjector.UsingInstrumentation.Target.new ClassInjector.UsingInstrumentation.Target() {...},12,0,0,0,3,0,2,0,2,0
BetAndRuinCI,net.bytebuddy.dynamic.loading,ClassInjector.UsingInstrumentation.Target.new ClassInjector.UsingInstrumentation.Target() {...},12,0,0,0,3,0,2,0,2,0
BetAndRuinCI,net.bytebuddy.dynamic.loading,ClassInjector.UsingUnsafe.Dispatcher.Enabled,129,0,12,0,19,0,12,0,6,0
BetAndRuinCI,net.bytebuddy.dynamic.loading,PackageDefinitionStrategy.NoOp,16,0,0,0,3,0,2,0,2,0
BetAndRuinCI,net.bytebuddy.dynamic.loading,ByteArrayClassLoader.PersistenceHandler.new ByteArrayClassLoader.PersistenceHandler() {...},19,0,0,0,5,0,4,0,4,0
BetAndRuinCI,net.bytebuddy.dynamic.loading,ByteArrayClassLoader.PersistenceHandler.new ByteArrayClassLoader.PersistenceHandler() {...},56,0,6,0,12,0,7,0,4,0
BetAndRuinCI,net.bytebuddy.dynamic.loading,ByteArrayClassLoader,395,0,22,0,73,0,28,0,17,0
BetAndRuinCI,net.bytebuddy.dynamic.loading,ClassLoadingStrategy.UsingLookup,52,0,8,0,5,0,9,0,5,0
BetAndRuinCI,net.bytebuddy.dynamic.loading,PackageDefinitionStrategy.ManifestReading.SealBaseLocator.ForTypeResourceUrl,139,0,18,0,20,0,14,0,5,0
BetAndRuinCI,net.bytebuddy.dynamic.loading,ClassLoadingStrategy.Default.WrappingDispatcher,241,0,28,0,17,0,23,0,9,0
BetAndRuinCI,net.bytebuddy.dynamic.loading,ClassInjector.UsingReflection.Dispatcher.UsingUnsafeInjection,929,0,24,0,101,0,23,0,11,0
BetAndRuinCI,net.bytebuddy.dynamic.loading,InjectionClassLoader.Strategy,110,0,6,0,18,0,5,0,2,0
BetAndRuinCI,net.bytebuddy.dynamic.loading,ClassInjector.UsingReflection.Dispatcher.Direct.ForJava7CapableVm,78,0,10,0,8,0,9,0,4,0
BetAndRuinCI,net.bytebuddy.dynamic.loading,ClassInjector.UsingReflection.Dispatcher.UsingUnsafeOverride.ForLegacyVm,9,0,0,0,3,0,2,0,2,0
BetAndRuinCI,net.bytebuddy.dynamic.loading,ClassInjector.UsingUnsafe.Factory.AccessResolver.Default,18,0,0,0,4,0,2,0,2,0
BetAndRuinCI,net.bytebuddy.dynamic.loading,ByteArrayClassLoader.ChildFirst,297,0,28,0,58,0,28,0,14,0
BetAndRuinCI,net.bytebuddy.dynamic.loading,ClassReloadingStrategy.Dispatcher.CreationAction,57,0,0,0,8,0,2,0,2,0
BetAndRuinCI,net.bytebuddy.implementation.bytecode.constant,MethodConstant.CachedMethod,52,0,6,0,15,0,9,0,6,0
BetAndRuinCI,net.bytebuddy.implementation.bytecode.constant,FloatConstant,79,0,6,0,18,0,8,0,5,0
[...]
BetAndRuinCI,com.objectdb.o,MMM,1972,0,203,0,426,0,146,0,44,0
BetAndRuinCI,com.objectdb.o,MMN,123,0,10,0,35,0,10,0,5,0
BetAndRuinCI,com.objectdb.o,IHS.f,39,0,2,0,11,0,8,0,7,0
BetAndRuinCI,com.objectdb.o,PGW.e,37,0,0,0,8,0,1,0,1,0
BetAndRuinCI,com.objectdb.o,TPL,106,0,10,0,23,0,14,0,9,0
BetAndRuinCI,com.objectdb.o,CNP,352,0,32,0,73,0,30,0,14,0
BetAndRuinCI,com.objectdb.o,CNT,3,0,0,0,1,0,1,0,1,0
BetAndRuinCI,com.objectdb.o,TPE,21,0,0,0,8,0,4,0,4,0
BetAndRuinCI,com.objectdb.o,CNV,34,0,2,0,10,0,3,0,2,0
BetAndRuinCI,com.objectdb.o,CNU,452,0,52,0,107,0,45,0,19,0
BetAndRuinCI,com.objectdb.o,CNN,12,0,0,0,4,0,2,0,2,0
BetAndRuinCI,com.objectdb.o,CNM,690,0,80,0,152,0,53,0,13,0
BetAndRuinCI,com.objectdb.o,TOT,104,0,6,0,32,0,20,0,17,0
BetAndRuinCI,com.objectdb.o,CMV,507,0,56,0,112,0,45,0,17,0
BetAndRuinCI,com.objectdb.o,TOL,97,0,14,0,39,0,20,0,13,0
BetAndRuinCI,com.objectdb.o,CMN,323,0,71,0,85,0,51,0,8,0
BetAndRuinCI,com.objectdb.o,IOM.f,66,0,4,0,14,0,10,0,8,0
BetAndRuinCI,com.objectdb.o,CLN,16,0,2,0,6,0,3,0,2,0
BetAndRuinCI,com.objectdb.o,CLT,528,0,80,0,129,0,55,0,15,0
BetAndRuinCI,com.objectdb.o,CLS,474,0,36,0,114,0,33,0,15,0
BetAndRuinCI,com.objectdb.o,CLC,130,0,8,0,26,0,10,0,6,0
BetAndRuinCI,com.objectdb.o,CSF,100,0,8,0,20,0,8,0,4,0
BetAndRuinCI,com.objectdb.o,LDR,1577,0,190,0,428,0,134,0,39,0
BetAndRuinCI,com.objectdb.o,TSK,136,0,20,0,50,0,22,0,12,0
BetAndRuinCI,com.objectdb.o,TSM,123,0,14,0,35,0,10,0,3,0
BetAndRuinCI,com.objectdb.o,LBS,130,0,12,0,26,0,16,0,10,0
BetAndRuinCI,com.objectdb.o,TRS,307,0,40,0,81,0,29,0,9,0
BetAndRuinCI,com.objectdb.o,CQI,50,0,4,0,16,0,6,0,4,0
BetAndRuinCI,com.objectdb.o,TRB,78,0,2,0,16,0,6,0,5,0
BetAndRuinCI,com.objectdb.o,TRF,96,96,20,16,23,31,19,11,4,6
BetAndRuinCI,com.objectdb.o,LAL,223,0,16,0,45,0,22,0,14,0
BetAndRuinCI,com.objectdb.o,TQI,32,0,4,0,13,0,6,0,4,0
BetAndRuinCI,com.objectdb.o,CFO,30,0,2,0,10,0,7,0,6,0
BetAndRuinCI,com.objectdb.o,CFT,78,0,8,0,16,0,8,0,4,0
BetAndRuinCI,com.objectdb.o,CFG,1258,0,150,0,292,0,109,0,33,0
BetAndRuinCI,com.objectdb.o,UTV.a,32,0,0,0,11,0,4,0,4,0
BetAndRuinCI,com.objectdb.o,_PessimisticLockException,28,0,0,0,11,0,5,0,5,0
BetAndRuinCI,com.objectdb.o,TFM,246,0,30,0,67,0,20,0,5,0
BetAndRuinCI,com.objectdb.o,TEX,17,0,0,0,4,0,2,0,2,0
BetAndRuinCI,com.objectdb.o,STI.new MouseAdapter() {...},12,0,2,0,4,0,3,0,2,0
BetAndRuinCI,com.objectdb.o,KSW,43,0,2,0,11,0,7,0,6,0
BetAndRuinCI,com.objectdb.o,CCH,284,14,42,0,76,5,32,2,11,2
BetAndRuinCI,com.objectdb.o,RSL.a,18,0,0,0,6,0,4,0,4,0
BetAndRuinCI,com.objectdb.o,_TransactionRequiredException,25,0,0,0,10,0,5,0,5,0
BetAndRuinCI,com.objectdb.o,TKS,28,0,0,0,7,0,4,0,4,0
BetAndRuinCI,com.objectdb.o,TKN,684,0,85,0,164,0,78,0,35,0
BetAndRuinCI,com.objectdb.o,TKR,1860,0,300,0,407,0,184,0,16,0
BetAndRuinCI,com.objectdb.o,CIX,34,0,4,0,9,0,5,0,3,0
BetAndRuinCI,com.objectdb.o,TKI,291,0,50,0,82,0,44,0,14,0
BetAndRuinCI,com.objectdb.o,UPR.a,6,0,0,0,3,0,1,0,1,0
BetAndRuinCI,com.objectdb.o,UPR.b,24,0,0,0,7,0,2,0,2,0
BetAndRuinCI,com.objectdb.o,UPR.c,16,0,0,0,6,0,2,0,2,0
BetAndRuinCI,com.objectdb.o,CHT,107,0,14,0,24,0,16,0,8,0
BetAndRuinCI,com.objectdb.o,CHV,65,0,8,0,18,0,12,0,8,0
BetAndRuinCI,com.objectdb.o,InternalException,189,3,9,1,48,2,16,1,11,1
BetAndRuinCI,com.objectdb.o,CHE,13,0,0,0,5,0,4,0,4,0
BetAndRuinCI,com.objectdb.o,WJM.new InvocationHandler() {...},47,0,8,0,9,0,6,0,2,0
BetAndRuinCI,com.objectdb.o,LPS,133,0,10,0,24,0,8,0,3,0
BetAndRuinCI,com.objectdb.o,LOM,111,0,12,0,28,0,11,0,5,0
BetAndRuinCI,com.objectdb.o,LMT,26,3,4,0,8,1,8,1,6,1
BetAndRuinCI,com.objectdb.o,UFT,594,0,82,0,133,0,47,0,6,0
BetAndRuinCI,com.objectdb.o,LTN,165,0,16,0,40,0,17,0,9,0
BetAndRuinCI,com.objectdb.o,DCT,164,12,29,0,39,3,28,1,7,1
BetAndRuinCI,com.objectdb.o,DCV,650,0,109,0,154,0,88,0,29,0
BetAndRuinCI,com.objectdb.o,DCK,49,0,8,0,17,0,8,0,4,0
BetAndRuinCI,com.objectdb.o,DCN,97,0,2,0,29,0,11,0,10,0
BetAndRuinCI,com.objectdb.o,DCM,2061,0,176,0,408,0,115,0,27,0
BetAndRuinCI,com.objectdb.o,DCE,1001,0,141,0,259,0,106,0,35,0
BetAndRuinCI,com.objectdb.o,LSD,195,11,21,1,45,4,20,2,9,2
BetAndRuinCI,com.objectdb.o,DBT,174,0,26,0,44,0,26,0,10,0
BetAndRuinCI,com.objectdb.o,DBV,471,0,94,0,109,0,82,0,27,0
BetAndRuinCI,com.objectdb.o,LRS,202,0,30,0,52,0,23,0,8,0
BetAndRuinCI,com.objectdb.o,LRV,84,0,2,0,24,0,14,0,13,0
BetAndRuinCI,com.objectdb.o,LRQ,101,0,10,0,25,0,14,0,9,0
BetAndRuinCI,com.objectdb.o,DAT,261,0,30,0,65,0,29,0,10,0
BetAndRuinCI,com.objectdb.o,DAV,602,0,65,0,136,0,66,0,29,0
BetAndRuinCI,com.objectdb.o,UBV,72,0,8,0,20,0,13,0,9,0
BetAndRuinCI,com.objectdb.o,AGN.r,25,0,4,0,7,0,5,0,3,0
BetAndRuinCI,com.objectdb.o,AGN.s,25,0,4,0,7,0,5,0,3,0
BetAndRuinCI,com.objectdb.o,AGN.p,147,0,12,0,34,0,11,0,5,0
BetAndRuinCI,com.objectdb.o,TYD,136,24,6,0,31,9,9,3,6,3
BetAndRuinCI,com.objectdb.o,AGN.q,151,0,22,0,43,0,16,0,5,0
BetAndRuinCI,com.objectdb.o,AGN.t,9,0,0,0,3,0,1,0,1,0
BetAndRuinCI,com.objectdb.o,TYH,657,347,170,40,181,77,116,29,21,19
BetAndRuinCI,com.objectdb.o,AGN.n,94,0,12,0,25,0,11,0,5,0
BetAndRuinCI,com.objectdb.o,AGN.o,128,0,16,0,31,0,12,0,4,0
BetAndRuinCI,com.objectdb.o,LGR,374,0,55,0,112,0,61,0,31,0
BetAndRuinCI,com.objectdb.o,LGN,261,0,22,0,63,0,27,0,16,0
BetAndRuinCI,com.objectdb.o,LGM,571,0,58,0,129,0,41,0,12,0
BetAndRuinCI,com.objectdb.o,LFN,21,0,0,0,7,0,4,0,4,0
BetAndRuinCI,com.objectdb.o,TVS,133,0,14,0,34,0,17,0,10,0
BetAndRuinCI,com.objectdb.o,TVR,123,0,14,0,25,0,12,0,5,0
BetAndRuinCI,com.objectdb.o,LFL,1193,0,114,0,295,0,119,0,62,0
BetAndRuinCI,com.objectdb.o,CTR,67,78,13,5,16,24,12,6,3,6
BetAndRuinCI,com.objectdb.o,CTL,285,0,22,0,73,0,19,0,7,0
BetAndRuinCI,com.objectdb.o,CST,705,0,22,0,219,0,54,0,43,0
BetAndRuinCI,com.objectdb.o,LKM,333,0,46,0,87,0,37,0,13,0
BetAndRuinCI,com.objectdb.o,PLL.new Comparator() {...},14,0,0,0,3,0,2,0,2,0
BetAndRuinCI,com.objectdb.o,WVP.b,53,0,18,0,16,0,11,0,2,0
BetAndRuinCI,com.objectdb.o,WVP.a,44,0,8,0,12,0,6,0,2,0
BetAndRuinCI,com.objectdb.o,LIW,80,0,6,0,26,0,14,0,11,0
BetAndRuinCI,com.objectdb.o,TYR,1259,0,155,0,276,0,166,0,41,0
BetAndRuinCI,com.objectdb.o,TYT,104,0,14,0,29,0,14,0,7,0
BetAndRuinCI,com.objectdb.o,TYS,1576,0,187,0,347,0,112,0,18,0
BetAndRuinCI,com.objectdb.o,LIN,27,0,0,0,7,0,5,0,5,0
BetAndRuinCI,com.objectdb.o,TYV,110,0,10,0,27,0,16,0,11,0
BetAndRuinCI,com.objectdb.o,TYW,691,0,107,0,206,0,90,0,33,0
BetAndRuinCI,com.objectdb.o,TYN,78,0,5,0,15,0,8,0,5,0
BetAndRuinCI,com.objectdb.o,TYM,2124,0,230,0,480,0,175,0,60,0
BetAndRuinCI,com.objectdb.o,WVP,834,0,162,0,193,0,92,0,11,0
BetAndRuinCI,com.objectdb.o,FTP,183,0,34,0,44,0,21,0,4,0
BetAndRuinCI,com.objectdb.o,FTC,5,0,0,0,2,0,2,0,2,0
BetAndRuinCI,com.objectdb.o,FRH,78,0,8,0,25,0,12,0,8,0
BetAndRuinCI,com.objectdb.o,WSP,952,0,146,0,216,0,89,0,14,0
BetAndRuinCI,com.objectdb.o,WSS,159,0,0,0,49,0,33,0,33,0
BetAndRuinCI,com.objectdb.o,EDC.f,74,0,6,0,17,0,9,0,6,0
BetAndRuinCI,com.objectdb.o,WSM,56,0,0,0,16,0,4,0,4,0
BetAndRuinCI,com.objectdb.o,WSN,1017,0,74,0,282,0,62,0,25,0
BetAndRuinCI,com.objectdb.o,FQP,94,0,2,0,21,0,7,0,6,0
BetAndRuinCI,com.objectdb.o,OIN,51,0,4,0,18,0,6,0,4,0
BetAndRuinCI,com.objectdb.o,_JdoUnsupportedOptionException,26,0,0,0,10,0,5,0,5,0
BetAndRuinCI,com.objectdb.o,FLT,110,0,16,0,26,0,18,0,8,0
BetAndRuinCI,com.objectdb.o,FLV,435,0,88,0,101,0,76,0,26,0
BetAndRuinCI,com.objectdb.o,FLM,232,0,14,0,44,0,19,0,12,0
BetAndRuinCI,com.objectdb.o,_OptimisticLockException,28,0,0,0,11,0,5,0,5,0
BetAndRuinCI,com.objectdb.o,FIW,76,0,2,0,20,0,7,0,6,0
BetAndRuinCI,com.objectdb.o,FIP,193,0,14,0,42,0,13,0,6,0
BetAndRuinCI,com.objectdb.o,FIR,176,0,16,0,32,0,14,0,6,0
BetAndRuinCI,com.objectdb.o,FIL,3,0,0,0,1,0,1,0,1,0
BetAndRuinCI,com.objectdb.o,FQI,101,0,12,0,27,0,10,0,4,0
BetAndRuinCI,com.objectdb.o,OBH,468,35,77,1,100,10,50,3,11,3
BetAndRuinCI,com.objectdb.o,OBI,610,0,108,0,149,0,63,0,9,0
BetAndRuinCI,com.objectdb.o,OBM,1691,0,256,0,442,0,162,0,34,0
BetAndRuinCI,com.objectdb.o,OBC,1585,0,234,0,433,0,207,0,89,0
BetAndRuinCI,com.objectdb.o,WRA,208,0,0,0,53,0,36,0,36,0
BetAndRuinCI,com.objectdb.o,FPL,450,0,16,0,121,0,34,0,26,0
BetAndRuinCI,com.objectdb.o,FPD,101,0,2,0,27,0,10,0,9,0
BetAndRuinCI,com.objectdb.o,_NonUniqueResultException,25,0,0,0,10,0,5,0,5,0
BetAndRuinCI,com.objectdb.o,INR.a,47,0,4,0,12,0,7,0,5,0
BetAndRuinCI,com.objectdb.o,INR.b,50,0,4,0,12,0,7,0,5,0
BetAndRuinCI,com.objectdb.o,BYR.new ObjectInputStream() {...},18,0,0,0,4,0,2,0,2,0
BetAndRuinCI,com.objectdb.o,INR.c,30,0,2,0,9,0,6,0,5,0
BetAndRuinCI,com.objectdb.o,GEN,464,0,10,0,103,0,34,0,29,0
BetAndRuinCI,com.objectdb.o,CLN.t,50,0,4,0,14,0,5,0,3,0
BetAndRuinCI,com.objectdb.o,CLN.s,24,0,0,0,8,0,3,0,3,0
BetAndRuinCI,com.objectdb.o,CLN.n,34,0,2,0,9,0,4,0,3,0
BetAndRuinCI,com.objectdb.o,CLN.p,36,0,2,0,13,0,5,0,4,0
BetAndRuinCI,com.objectdb.o,CLN.o,50,0,4,0,16,0,7,0,5,0
BetAndRuinCI,com.objectdb.o,CLN.r,24,0,0,0,8,0,3,0,3,0
BetAndRuinCI,com.objectdb.o,CLN.q,67,0,8,0,21,0,7,0,3,0
BetAndRuinCI,com.objectdb.o,OST,217,122,7,1,93,34,34,3,30,3
BetAndRuinCI,com.objectdb.o,OSH,110,152,11,7,35,26,19,9,10,9
BetAndRuinCI,com.objectdb.o,JER.a,298,0,38,0,77,0,23,0,4,0
BetAndRuinCI,com.objectdb.o,JER.b,136,0,20,0,31,0,13,0,3,0
BetAndRuinCI,com.objectdb.o,JER.c,88,0,12,0,15,0,8,0,2,0
BetAndRuinCI,com.objectdb.o,OMF,1441,0,176,0,385,0,129,0,41,0
BetAndRuinCI,com.objectdb.o,_EntityExistsException,39,0,2,0,13,0,7,0,6,0
BetAndRuinCI,com.objectdb.o,_JdoReadOnlyException,26,0,0,0,10,0,5,0,5,0
BetAndRuinCI,com.objectdb.o,ORN,48,0,8,0,17,0,7,0,3,0
BetAndRuinCI,com.objectdb.o,ORB,258,0,12,0,56,0,12,0,6,0
BetAndRuinCI,com.objectdb.o,ORF,184,0,32,0,37,0,25,0,9,0
BetAndRuinCI,com.objectdb.o,_JdoFatalUserException,28,0,0,0,11,0,5,0,5,0
BetAndRuinCI,com.objectdb.o,DCE.k,92,0,12,0,15,0,15,0,9,0
BetAndRuinCI,com.objectdb.o,_QueryTimeoutException,27,0,0,0,10,0,5,0,5,0
BetAndRuinCI,com.objectdb.o,ERR,264,0,22,0,65,0,19,0,8,0
BetAndRuinCI,com.objectdb.o,_JdoObjectNotFoundException,35,0,0,0,13,0,6,0,6,0
BetAndRuinCI,com.objectdb.o,ERM,81,0,14,0,20,0,9,0,2,0
BetAndRuinCI,com.objectdb.o,ERB,54,0,2,0,14,0,6,0,5,0
BetAndRuinCI,com.objectdb.o,VST,92,0,6,0,23,0,11,0,8,0
BetAndRuinCI,com.objectdb.o,ERF,101,0,16,0,26,0,10,0,2,0
BetAndRuinCI,com.objectdb.o,VSL,677,0,168,0,156,0,100,0,16,0
BetAndRuinCI,com.objectdb.o,VSP,64,0,10,0,26,0,20,0,15,0
BetAndRuinCI,com.objectdb.o,EQP,349,0,38,0,77,0,30,0,11,0
BetAndRuinCI,com.objectdb.o,EQI,12,0,0,0,6,0,5,0,5,0
BetAndRuinCI,com.objectdb.o,VRS,229,0,30,0,64,0,32,0,17,0
BetAndRuinCI,com.objectdb.o,VRN,55,0,2,0,13,0,7,0,6,0
BetAndRuinCI,com.objectdb.o,EPR,134,0,18,0,30,0,12,0,3,0
BetAndRuinCI,com.objectdb.o,EPI,42,0,4,0,12,0,5,0,3,0
BetAndRuinCI,com.objectdb.o,NAV,129,0,2,0,30,0,13,0,12,0
BetAndRuinCI,com.objectdb.o,VQI,156,0,16,0,39,0,14,0,6,0
BetAndRuinCI,com.objectdb.o,SCV.a,188,0,14,0,27,0,13,0,6,0
BetAndRuinCI,com.objectdb.o,NGP,44,0,2,0,12,0,4,0,3,0
BetAndRuinCI,com.objectdb.o,EVI,4,3,0,0,1,1,1,1,1,1
BetAndRuinCI,com.objectdb.o,EVC,190,0,18,0,48,0,17,0,8,0
BetAndRuinCI,com.objectdb.o,NFL,118,0,20,0,35,0,20,0,10,0
BetAndRuinCI,com.objectdb.o,ETM,121,0,14,0,30,0,14,0,7,0
BetAndRuinCI,com.objectdb.o,ETR,22,0,2,0,7,0,3,0,2,0
BetAndRuinCI,com.objectdb.o,VUT,1360,0,203,0,318,0,197,0,20,0
BetAndRuinCI,com.objectdb.o,EST,68,104,12,14,15,32,10,13,1,9
BetAndRuinCI,com.objectdb.o,ESW,50,0,4,0,14,0,8,0,6,0
BetAndRuinCI,com.objectdb.o,ESV,59,0,0,0,16,0,8,0,8,0
BetAndRuinCI,com.objectdb.o,VLS,85,0,6,0,17,0,9,0,6,0
BetAndRuinCI,com.objectdb.o,VLR,57,0,8,0,19,0,12,0,8,0
BetAndRuinCI,com.objectdb.o,VLT,226,0,20,0,55,0,22,0,12,0
BetAndRuinCI,com.objectdb.o,VLV,473,0,52,0,109,0,38,0,12,0
BetAndRuinCI,com.objectdb.o,EIX,187,0,20,0,52,0,15,0,5,0
BetAndRuinCI,com.objectdb.o,EIV,77,0,4,0,19,0,10,0,8,0
BetAndRuinCI,com.objectdb.o,VIX,225,0,34,0,63,0,23,0,6,0
BetAndRuinCI,com.objectdb.o,MXV,44,0,4,0,18,0,12,0,10,0
BetAndRuinCI,com.objectdb.o,MXL,109,0,10,0,29,0,11,0,6,0
BetAndRuinCI,com.objectdb.o,ENT,1943,0,331,0,501,0,252,0,85,0
BetAndRuinCI,com.objectdb.o,QRM.b,0,9,0,0,0,2,0,2,0,2
BetAndRuinCI,com.objectdb.o,RTM.f,45,0,2,0,18,0,3,0,2,0
BetAndRuinCI,com.objectdb.o,ENH,424,0,68,0,139,0,44,0,10,0
BetAndRuinCI,com.objectdb.o,RTM.h,12,0,0,0,4,0,2,0,2,0
BetAndRuinCI,com.objectdb.o,VOW,43,0,2,0,15,0,12,0,11,0
BetAndRuinCI,com.objectdb.o,RTM.i,12,0,0,0,4,0,2,0,2,0
BetAndRuinCI,com.objectdb.o,EMT,96,0,4,0,30,0,14,0,12,0
BetAndRuinCI,com.objectdb.o,VOB,434,0,62,0,92,0,47,0,16,0
BetAndRuinCI,com.objectdb.o,_IllegalArgumentException,39,0,2,0,13,0,7,0,6,0
BetAndRuinCI,com.objectdb.o,EMP,53,0,0,0,15,0,8,0,8,0
BetAndRuinCI,com.objectdb.o,EMR,417,0,52,0,108,0,32,0,6,0
BetAndRuinCI,com.objectdb.o,EMI,1,10,0,0,1,3,1,3,1,3
BetAndRuinCI,com.objectdb.o,ELV,57,0,0,0,16,0,8,0,8,0
BetAndRuinCI,com.objectdb.o,_JdoFatalDataStoreException,26,0,0,0,10,0,5,0,5,0
BetAndRuinCI,com.objectdb.o,ELI,114,0,12,0,25,0,9,0,3,0
BetAndRuinCI,com.objectdb.o,NTS,318,0,24,0,87,0,34,0,22,0
BetAndRuinCI,com.objectdb.o,NTN,42,0,6,0,11,0,6,0,3,0
BetAndRuinCI,com.objectdb.o,NTC,23,0,0,0,2,0,2,0,2,0
BetAndRuinCI,com.objectdb.o,FCL,312,0,24,0,80,0,18,0,6,0
BetAndRuinCI,com.objectdb.o,FAP,133,0,2,0,29,0,8,0,7,0
BetAndRuinCI,com.objectdb.o,WJM,104,0,2,0,26,0,4,0,3,0
BetAndRuinCI,com.objectdb.o,FHN,1161,0,162,0,273,0,100,0,15,0
BetAndRuinCI,com.objectdb.o,FGR,519,0,36,0,123,0,48,0,30,0
BetAndRuinCI,com.objectdb.o,FGS,211,0,16,0,53,0,17,0,9,0
BetAndRuinCI,com.objectdb.o,WHP,548,0,62,0,119,0,39,0,8,0
BetAndRuinCI,com.objectdb.o,FGD,245,0,14,0,56,0,20,0,13,0
BetAndRuinCI,com.objectdb.o,WHS,316,0,44,0,70,0,38,0,16,0
BetAndRuinCI,com.objectdb.o,NVN,76,0,2,0,19,0,7,0,6,0
BetAndRuinCI,com.objectdb.o,NLT,67,11,8,0,15,3,10,1,6,1
BetAndRuinCI,com.objectdb.o,NLV,32,0,2,0,13,0,11,0,10,0
BetAndRuinCI,com.objectdb.o,NLP,36,0,0,0,9,0,7,0,7,0
BetAndRuinCI,com.objectdb.o,NLI,31,0,2,0,13,0,5,0,4,0
BetAndRuinCI,com.objectdb.o,EXP,233,0,38,0,43,0,25,0,6,0
BetAndRuinCI,com.objectdb.o,EXR,53,0,9,0,11,0,7,0,2,0
BetAndRuinCI,com.objectdb.o,EXT,167,0,6,0,40,0,11,0,8,0
BetAndRuinCI,com.objectdb.o,EXV,96,0,0,0,23,0,12,0,12,0
BetAndRuinCI,com.objectdb.o,EXU,454,0,16,0,55,0,22,0,14,0
BetAndRuinCI,com.objectdb.o,EXH,327,0,22,0,69,0,31,0,20,0
BetAndRuinCI,com.objectdb.o,EXL,29,0,0,0,7,0,5,0,5,0
BetAndRuinCI,com.objectdb.o,EXN,249,0,28,0,57,0,29,0,15,0
BetAndRuinCI,com.objectdb.o,NNF,22,0,2,0,8,0,8,0,7,0
BetAndRuinCI,org.objenesis,ObjenesisBase,101,0,14,0,21,0,12,0,5,0
BetAndRuinCI,org.objenesis,ObjenesisHelper,26,0,0,0,6,0,5,0,5,0
BetAndRuinCI,org.objenesis,ObjenesisException,13,0,0,0,6,0,3,0,3,0
BetAndRuinCI,org.objenesis,ObjenesisSerializer,13,0,0,0,4,0,2,0,2,0
BetAndRuinCI,org.objenesis,ObjenesisStd,13,0,0,0,4,0,2,0,2,0
BetAndRuinCI,net.bytebuddy.implementation.bytecode,Duplication,85,0,4,0,16,0,8,0,5,0
BetAndRuinCI,net.bytebuddy.implementation.bytecode,Removal,77,0,4,0,16,0,8,0,5,0
BetAndRuinCI,net.bytebuddy.implementation.bytecode,StackManipulation.Size,83,0,10,0,8,0,12,0,7,0
BetAndRuinCI,net.bytebuddy.implementation.bytecode,ByteCodeAppender.Compound,104,0,14,0,15,0,12,0,5,0
BetAndRuinCI,net.bytebuddy.implementation.bytecode,Multiplication,73,0,0,0,12,0,4,0,4,0
BetAndRuinCI,net.bytebuddy.implementation.bytecode,Removal.new Removal() {...},14,0,0,0,2,0,2,0,2,0
BetAndRuinCI,net.bytebuddy.implementation.bytecode,StackManipulation.Trivial,19,0,0,0,4,0,3,0,3,0
BetAndRuinCI,net.bytebuddy.implementation.bytecode,StackManipulation.Compound,124,0,20,0,21,0,16,0,6,0
BetAndRuinCI,net.bytebuddy.implementation.bytecode,Addition,73,0,0,0,12,0,4,0,4,0
BetAndRuinCI,net.bytebuddy.implementation.bytecode,Duplication.new Duplication() {...},16,0,0,0,3,0,3,0,3,0
BetAndRuinCI,net.bytebuddy.implementation.bytecode,Duplication.new Duplication() {...},30,0,3,0,5,0,4,0,2,0
BetAndRuinCI,net.bytebuddy.implementation.bytecode,Duplication.new Duplication() {...},30,0,3,0,5,0,4,0,2,0
BetAndRuinCI,net.bytebuddy.implementation.bytecode,TypeCreation,81,0,14,0,9,0,13,0,6,0
BetAndRuinCI,net.bytebuddy.implementation.bytecode,StackSize,151,0,19,0,34,0,22,0,10,0
BetAndRuinCI,net.bytebuddy.implementation.bytecode,Duplication.WithFlip,73,0,0,0,12,0,4,0,4,0
BetAndRuinCI,net.bytebuddy.implementation.bytecode,ByteCodeAppender.Size,75,0,10,0,7,0,11,0,6,0
BetAndRuinCI,net.bytebuddy.implementation.bytecode,ByteCodeAppender.Simple,61,0,8,0,6,0,9,0,5,0
BetAndRuinCI,net.bytebuddy.implementation.bytecode,Throw,22,0,0,0,5,0,3,0,3,0
BetAndRuinCI,net.bytebuddy.implementation.bytecode,StackManipulation.Illegal,21,0,0,0,4,0,3,0,3,0
BetAndRuinCI,org.objenesis.instantiator.basic,FailingInstantiator,8,0,0,0,3,0,2,0,2,0
BetAndRuinCI,org.objenesis.instantiator.basic,AccessibleInstantiator,11,0,2,0,4,0,2,0,1,0
BetAndRuinCI,org.objenesis.instantiator.basic,ConstructorInstantiator,28,0,0,0,9,0,2,0,2,0
BetAndRuinCI,org.objenesis.instantiator.basic,ObjectStreamClassInstantiator,40,0,2,0,14,0,4,0,3,0
BetAndRuinCI,org.objenesis.instantiator.basic,ProxyingInstantiator,209,0,0,0,56,0,4,0,4,0
BetAndRuinCI,org.objenesis.instantiator.basic,NewInstanceInstantiator,10,0,0,0,4,0,2,0,2,0
BetAndRuinCI,org.objenesis.instantiator.basic,ObjectInputStreamInstantiator,70,0,2,0,13,0,3,0,2,0
BetAndRuinCI,org.objenesis.instantiator.basic,ObjectInputStreamInstantiator.MockStream,252,0,6,0,59,0,10,0,7,0
BetAndRuinCI,org.objenesis.instantiator.basic,NullInstantiator,5,0,0,0,3,0,2,0,2,0
BetAndRuinCI,com.toedter.calendar.demo,DateChooserPanel.new JPanel() {...},12,0,0,0,0,0,2,0,2,0
BetAndRuinCI,com.toedter.calendar.demo,BirthdayEvaluator,54,0,4,0,0,0,11,0,9,0
BetAndRuinCI,com.toedter.calendar.demo,TestDateEvaluator,118,0,12,0,0,0,15,0,9,0
BetAndRuinCI,com.toedter.calendar.demo,JCalendarDemo,1153,0,58,0,0,0,38,0,9,0
BetAndRuinCI,com.toedter.calendar.demo,DateChooserPanel,362,0,14,0,0,0,22,0,15,0
BetAndRuinCI,com.toedter.calendar.demo,JCalendarDemo.AboutAction,17,0,0,0,0,0,2,0,2,0
BetAndRuinCI,com.toedter.calendar.demo,DemoTable.DemoTableModel,92,0,0,0,0,0,8,0,8,0
BetAndRuinCI,com.toedter.calendar.demo,DateChooserPanelBeanInfo,5,0,0,0,0,0,1,0,1,0
BetAndRuinCI,com.toedter.calendar.demo,JCalendarDemo.new ActionListener() {...},15,0,0,0,0,0,2,0,2,0
BetAndRuinCI,com.toedter.calendar.demo,JCalendarDemo.new WindowAdapter() {...},6,0,0,0,0,0,2,0,2,0
BetAndRuinCI,com.toedter.calendar.demo,JCalendarDemo.new ActionListener() {...},55,0,2,0,0,0,3,0,2,0
BetAndRuinCI,com.toedter.calendar.demo,JCalendarDemo.new ActionListener() {...},15,0,0,0,0,0,2,0,2,0
BetAndRuinCI,com.toedter.calendar.demo,JCalendarDemo.new ItemListener() {...},76,0,6,0,0,0,5,0,2,0
BetAndRuinCI,com.toedter.calendar.demo,JCalendarDemo.new PropertyChangeListener() {...},33,0,2,0,0,0,3,0,2,0
BetAndRuinCI,com.toedter.calendar.demo,JCalendarDemo.new ActionListener() {...},46,0,0,0,0,0,2,0,2,0
BetAndRuinCI,com.toedter.calendar.demo,JCalendarDemo.new PropertyChangeListener() {...},33,0,2,0,0,0,3,0,2,0
BetAndRuinCI,com.toedter.calendar.demo,JCalendarDemo.new ActionListener() {...},28,0,0,0,0,0,2,0,2,0
BetAndRuinCI,com.toedter.calendar.demo,JCalendarDemo.new JPanel() {...},12,0,0,0,0,0,2,0,2,0
BetAndRuinCI,com.toedter.calendar.demo,DemoTable,48,0,2,0,0,0,2,0,1,0
BetAndRuinCI,businessLogic,BlFacadeImplementation,582,0,40,0,142,0,43,0,23,0
BetAndRuinCI,businessLogic,BusinessLogicServer.new ActionListener() {...},14,0,0,0,4,0,2,0,2,0
BetAndRuinCI,businessLogic,BusinessLogicServer,168,0,4,0,41,0,4,0,2,0
BetAndRuinCI,javax.jdo.spi,RegisterClassEvent,34,0,0,0,12,0,6,0,6,0
BetAndRuinCI,javax.jdo.spi,JDOPermission,30,0,0,0,8,0,3,0,3,0
BetAndRuinCI,javax.jdo.spi,JDOImplHelper.new JDOImplHelper.StringConstructor() {...},22,3,0,0,5,1,1,1,1,1
BetAndRuinCI,javax.jdo.spi,JDOImplHelper.new JDOImplHelper.StringConstructor() {...},12,3,0,0,3,1,1,1,1,1
BetAndRuinCI,javax.jdo.spi,JDOImplHelper.new JDOImplHelper.StringConstructor() {...},46,3,2,0,8,1,2,1,1,1
BetAndRuinCI,javax.jdo.spi,JDOImplHelper.new PrivilegedAction() {...},0,5,0,0,0,2,0,2,0,2
BetAndRuinCI,javax.jdo.spi,JDOImplHelper.Meta,45,0,0,0,13,0,7,0,7,0
BetAndRuinCI,javax.jdo.spi,I18NHelper.new PrivilegedAction() {...},10,0,0,0,2,0,2,0,2,0
BetAndRuinCI,javax.jdo.spi,I18NHelper.new PrivilegedAction() {...},5,0,0,0,2,0,2,0,2,0
BetAndRuinCI,javax.jdo.spi,JDOImplHelper,660,115,71,3,200,36,69,8,32,8
BetAndRuinCI,javax.jdo.spi,I18NHelper,281,81,12,4,50,23,28,6,21,5
